C:\TEMP\FFTW-3.3.2\FFTW-3.3-LIBS\LIBFFTWF-3.3\RELEASE\API\APIPLAN.OBJ
C:\TEMP\FFTW-3.3.2\FFTW-3.3-LIBS\LIBFFTWF-3.3\RELEASE\API\CONFIGURE.OBJ
C:\TEMP\FFTW-3.3.2\FFTW-3.3-LIBS\LIBFFTWF-3.3\RELEASE\API\EXECUTE.OBJ
C:\TEMP\FFTW-3.3.2\FFTW-3.3-LIBS\LIBFFTWF-3.3\RELEASE\API\EXECUTE-DFT.OBJ
C:\TEMP\FFTW-3.3.2\FFTW-3.3-LIBS\LIBFFTWF-3.3\RELEASE\API\EXECUTE-DFT-C2R.OBJ
C:\TEMP\FFTW-3.3.2\FFTW-3.3-LIBS\LIBFFTWF-3.3\RELEASE\API\EXECUTE-DFT-R2C.OBJ
C:\TEMP\FFTW-3.3.2\FFTW-3.3-LIBS\LIBFFTWF-3.3\RELEASE\API\EXECUTE-R2R.OBJ
C:\TEMP\FFTW-3.3.2\FFTW-3.3-LIBS\LIBFFTWF-3.3\RELEASE\API\EXECUTE-SPLIT-DFT.OBJ
C:\TEMP\FFTW-3.3.2\FFTW-3.3-LIBS\LIBFFTWF-3.3\RELEASE\API\EXECUTE-SPLIT-DFT-C2R.OBJ
C:\TEMP\FFTW-3.3.2\FFTW-3.3-LIBS\LIBFFTWF-3.3\RELEASE\API\EXECUTE-SPLIT-DFT-R2C.OBJ
C:\TEMP\FFTW-3.3.2\FFTW-3.3-LIBS\LIBFFTWF-3.3\RELEASE\API\EXPORT-WISDOM.OBJ
C:\TEMP\FFTW-3.3.2\FFTW-3.3-LIBS\LIBFFTWF-3.3\RELEASE\API\EXPORT-WISDOM-TO-FILE.OBJ
C:\TEMP\FFTW-3.3.2\FFTW-3.3-LIBS\LIBFFTWF-3.3\RELEASE\API\EXPORT-WISDOM-TO-STRING.OBJ
C:\TEMP\FFTW-3.3.2\FFTW-3.3-LIBS\LIBFFTWF-3.3\RELEASE\API\F77API.OBJ
C:\TEMP\FFTW-3.3.2\FFTW-3.3-LIBS\LIBFFTWF-3.3\RELEASE\API\FLOPS.OBJ
C:\TEMP\FFTW-3.3.2\FFTW-3.3-LIBS\LIBFFTWF-3.3\RELEASE\API\FORGET-WISDOM.OBJ
C:\TEMP\FFTW-3.3.2\FFTW-3.3-LIBS\LIBFFTWF-3.3\RELEASE\API\IMPORT-SYSTEM-WISDOM.OBJ
C:\TEMP\FFTW-3.3.2\FFTW-3.3-LIBS\LIBFFTWF-3.3\RELEASE\API\IMPORT-WISDOM.OBJ
C:\TEMP\FFTW-3.3.2\FFTW-3.3-LIBS\LIBFFTWF-3.3\RELEASE\API\IMPORT-WISDOM-FROM-FILE.OBJ
C:\TEMP\FFTW-3.3.2\FFTW-3.3-LIBS\LIBFFTWF-3.3\RELEASE\API\IMPORT-WISDOM-FROM-STRING.OBJ
C:\TEMP\FFTW-3.3.2\FFTW-3.3-LIBS\LIBFFTWF-3.3\RELEASE\API\MALLOC.OBJ
C:\TEMP\FFTW-3.3.2\FFTW-3.3-LIBS\LIBFFTWF-3.3\RELEASE\API\MAPFLAGS.OBJ
C:\TEMP\FFTW-3.3.2\FFTW-3.3-LIBS\LIBFFTWF-3.3\RELEASE\API\MAP-R2R-KIND.OBJ
C:\TEMP\FFTW-3.3.2\FFTW-3.3-LIBS\LIBFFTWF-3.3\RELEASE\API\MKPRINTER-FILE.OBJ
C:\TEMP\FFTW-3.3.2\FFTW-3.3-LIBS\LIBFFTWF-3.3\RELEASE\API\MKTENSOR-IODIMS.OBJ
C:\TEMP\FFTW-3.3.2\FFTW-3.3-LIBS\LIBFFTWF-3.3\RELEASE\API\MKTENSOR-IODIMS64.OBJ
C:\TEMP\FFTW-3.3.2\FFTW-3.3-LIBS\LIBFFTWF-3.3\RELEASE\API\MKTENSOR-ROWMAJOR.OBJ
C:\TEMP\FFTW-3.3.2\FFTW-3.3-LIBS\LIBFFTWF-3.3\RELEASE\API\PLAN-DFT.OBJ
C:\TEMP\FFTW-3.3.2\FFTW-3.3-LIBS\LIBFFTWF-3.3\RELEASE\API\PLAN-DFT-1D.OBJ
C:\TEMP\FFTW-3.3.2\FFTW-3.3-LIBS\LIBFFTWF-3.3\RELEASE\API\PLAN-DFT-2D.OBJ
C:\TEMP\FFTW-3.3.2\FFTW-3.3-LIBS\LIBFFTWF-3.3\RELEASE\API\PLAN-DFT-3D.OBJ
C:\TEMP\FFTW-3.3.2\FFTW-3.3-LIBS\LIBFFTWF-3.3\RELEASE\API\PLAN-DFT-C2R.OBJ
C:\TEMP\FFTW-3.3.2\FFTW-3.3-LIBS\LIBFFTWF-3.3\RELEASE\API\PLAN-DFT-C2R-1D.OBJ
C:\TEMP\FFTW-3.3.2\FFTW-3.3-LIBS\LIBFFTWF-3.3\RELEASE\API\PLAN-DFT-C2R-2D.OBJ
C:\TEMP\FFTW-3.3.2\FFTW-3.3-LIBS\LIBFFTWF-3.3\RELEASE\API\PLAN-DFT-C2R-3D.OBJ
C:\TEMP\FFTW-3.3.2\FFTW-3.3-LIBS\LIBFFTWF-3.3\RELEASE\API\PLAN-DFT-R2C.OBJ
C:\TEMP\FFTW-3.3.2\FFTW-3.3-LIBS\LIBFFTWF-3.3\RELEASE\API\PLAN-DFT-R2C-1D.OBJ
C:\TEMP\FFTW-3.3.2\FFTW-3.3-LIBS\LIBFFTWF-3.3\RELEASE\API\PLAN-DFT-R2C-2D.OBJ
C:\TEMP\FFTW-3.3.2\FFTW-3.3-LIBS\LIBFFTWF-3.3\RELEASE\API\PLAN-DFT-R2C-3D.OBJ
C:\TEMP\FFTW-3.3.2\FFTW-3.3-LIBS\LIBFFTWF-3.3\RELEASE\API\PLAN-GURU64-DFT.OBJ
C:\TEMP\FFTW-3.3.2\FFTW-3.3-LIBS\LIBFFTWF-3.3\RELEASE\API\PLAN-GURU64-DFT-C2R.OBJ
C:\TEMP\FFTW-3.3.2\FFTW-3.3-LIBS\LIBFFTWF-3.3\RELEASE\API\PLAN-GURU64-DFT-R2C.OBJ
C:\TEMP\FFTW-3.3.2\FFTW-3.3-LIBS\LIBFFTWF-3.3\RELEASE\API\PLAN-GURU64-R2R.OBJ
C:\TEMP\FFTW-3.3.2\FFTW-3.3-LIBS\LIBFFTWF-3.3\RELEASE\API\PLAN-GURU64-SPLIT-DFT.OBJ
C:\TEMP\FFTW-3.3.2\FFTW-3.3-LIBS\LIBFFTWF-3.3\RELEASE\API\PLAN-GURU64-SPLIT-DFT-C2R.OBJ
C:\TEMP\FFTW-3.3.2\FFTW-3.3-LIBS\LIBFFTWF-3.3\RELEASE\API\PLAN-GURU64-SPLIT-DFT-R2C.OBJ
C:\TEMP\FFTW-3.3.2\FFTW-3.3-LIBS\LIBFFTWF-3.3\RELEASE\API\PLAN-GURU-DFT.OBJ
C:\TEMP\FFTW-3.3.2\FFTW-3.3-LIBS\LIBFFTWF-3.3\RELEASE\API\PLAN-GURU-DFT-C2R.OBJ
C:\TEMP\FFTW-3.3.2\FFTW-3.3-LIBS\LIBFFTWF-3.3\RELEASE\API\PLAN-GURU-DFT-R2C.OBJ
C:\TEMP\FFTW-3.3.2\FFTW-3.3-LIBS\LIBFFTWF-3.3\RELEASE\API\PLAN-GURU-R2R.OBJ
C:\TEMP\FFTW-3.3.2\FFTW-3.3-LIBS\LIBFFTWF-3.3\RELEASE\API\PLAN-GURU-SPLIT-DFT.OBJ
C:\TEMP\FFTW-3.3.2\FFTW-3.3-LIBS\LIBFFTWF-3.3\RELEASE\API\PLAN-GURU-SPLIT-DFT-C2R.OBJ
C:\TEMP\FFTW-3.3.2\FFTW-3.3-LIBS\LIBFFTWF-3.3\RELEASE\API\PLAN-GURU-SPLIT-DFT-R2C.OBJ
C:\TEMP\FFTW-3.3.2\FFTW-3.3-LIBS\LIBFFTWF-3.3\RELEASE\API\PLAN-MANY-DFT.OBJ
C:\TEMP\FFTW-3.3.2\FFTW-3.3-LIBS\LIBFFTWF-3.3\RELEASE\API\PLAN-MANY-DFT-C2R.OBJ
C:\TEMP\FFTW-3.3.2\FFTW-3.3-LIBS\LIBFFTWF-3.3\RELEASE\API\PLAN-MANY-DFT-R2C.OBJ
C:\TEMP\FFTW-3.3.2\FFTW-3.3-LIBS\LIBFFTWF-3.3\RELEASE\API\PLAN-MANY-R2R.OBJ
C:\TEMP\FFTW-3.3.2\FFTW-3.3-LIBS\LIBFFTWF-3.3\RELEASE\API\PLAN-R2R.OBJ
C:\TEMP\FFTW-3.3.2\FFTW-3.3-LIBS\LIBFFTWF-3.3\RELEASE\API\PLAN-R2R-1D.OBJ
C:\TEMP\FFTW-3.3.2\FFTW-3.3-LIBS\LIBFFTWF-3.3\RELEASE\API\PLAN-R2R-2D.OBJ
C:\TEMP\FFTW-3.3.2\FFTW-3.3-LIBS\LIBFFTWF-3.3\RELEASE\API\PLAN-R2R-3D.OBJ
C:\TEMP\FFTW-3.3.2\FFTW-3.3-LIBS\LIBFFTWF-3.3\RELEASE\API\PRINT-PLAN.OBJ
C:\TEMP\FFTW-3.3.2\FFTW-3.3-LIBS\LIBFFTWF-3.3\RELEASE\API\RDFT2-PAD.OBJ
C:\TEMP\FFTW-3.3.2\FFTW-3.3-LIBS\LIBFFTWF-3.3\RELEASE\API\THE-PLANNER.OBJ
C:\TEMP\FFTW-3.3.2\FFTW-3.3-LIBS\LIBFFTWF-3.3\RELEASE\API\VERSION.OBJ
C:\temp\fftw-3.3.2\fftw-3.3-libs\libfftwf-3.3\Release\cl.command.1.tlog
C:\temp\fftw-3.3.2\fftw-3.3-libs\libfftwf-3.3\Release\CL.read.1.tlog
C:\temp\fftw-3.3.2\fftw-3.3-libs\libfftwf-3.3\Release\CL.write.1.tlog
C:\TEMP\FFTW-3.3.2\FFTW-3.3-LIBS\LIBFFTWF-3.3\RELEASE\DFT\BLUESTEIN.OBJ
C:\TEMP\FFTW-3.3.2\FFTW-3.3-LIBS\LIBFFTWF-3.3\RELEASE\DFT\BUFFERED.OBJ
C:\TEMP\FFTW-3.3.2\FFTW-3.3-LIBS\LIBFFTWF-3.3\RELEASE\DFT\CONF.OBJ
C:\TEMP\FFTW-3.3.2\FFTW-3.3-LIBS\LIBFFTWF-3.3\RELEASE\DFT\CT.OBJ
C:\TEMP\FFTW-3.3.2\FFTW-3.3-LIBS\LIBFFTWF-3.3\RELEASE\DFT\DFTW-DIRECT.OBJ
C:\TEMP\FFTW-3.3.2\FFTW-3.3-LIBS\LIBFFTWF-3.3\RELEASE\DFT\DFTW-DIRECTSQ.OBJ
C:\TEMP\FFTW-3.3.2\FFTW-3.3-LIBS\LIBFFTWF-3.3\RELEASE\DFT\DFTW-GENERIC.OBJ
C:\TEMP\FFTW-3.3.2\FFTW-3.3-LIBS\LIBFFTWF-3.3\RELEASE\DFT\DFTW-GENERICBUF.OBJ
C:\TEMP\FFTW-3.3.2\FFTW-3.3-LIBS\LIBFFTWF-3.3\RELEASE\DFT\DIRECT.OBJ
C:\TEMP\FFTW-3.3.2\FFTW-3.3-LIBS\LIBFFTWF-3.3\RELEASE\DFT\GENERIC.OBJ
C:\TEMP\FFTW-3.3.2\FFTW-3.3-LIBS\LIBFFTWF-3.3\RELEASE\DFT\INDIRECT.OBJ
C:\TEMP\FFTW-3.3.2\FFTW-3.3-LIBS\LIBFFTWF-3.3\RELEASE\DFT\INDIRECT-TRANSPOSE.OBJ
C:\TEMP\FFTW-3.3.2\FFTW-3.3-LIBS\LIBFFTWF-3.3\RELEASE\DFT\KDFT.OBJ
C:\TEMP\FFTW-3.3.2\FFTW-3.3-LIBS\LIBFFTWF-3.3\RELEASE\DFT\KDFT-DIF.OBJ
C:\TEMP\FFTW-3.3.2\FFTW-3.3-LIBS\LIBFFTWF-3.3\RELEASE\DFT\KDFT-DIFSQ.OBJ
C:\TEMP\FFTW-3.3.2\FFTW-3.3-LIBS\LIBFFTWF-3.3\RELEASE\DFT\KDFT-DIT.OBJ
C:\TEMP\FFTW-3.3.2\FFTW-3.3-LIBS\LIBFFTWF-3.3\RELEASE\DFT\NOP.OBJ
C:\TEMP\FFTW-3.3.2\FFTW-3.3-LIBS\LIBFFTWF-3.3\RELEASE\DFT\PLAN.OBJ
C:\TEMP\FFTW-3.3.2\FFTW-3.3-LIBS\LIBFFTWF-3.3\RELEASE\DFT\PROBLEM.OBJ
C:\TEMP\FFTW-3.3.2\FFTW-3.3-LIBS\LIBFFTWF-3.3\RELEASE\DFT\RADER.OBJ
C:\TEMP\FFTW-3.3.2\FFTW-3.3-LIBS\LIBFFTWF-3.3\RELEASE\DFT\RANK-GEQ2.OBJ
C:\TEMP\FFTW-3.3.2\FFTW-3.3-LIBS\LIBFFTWF-3.3\RELEASE\DFT\SCALAR\CODELETS\CODLIST.OBJ
C:\TEMP\FFTW-3.3.2\FFTW-3.3-LIBS\LIBFFTWF-3.3\RELEASE\DFT\SCALAR\CODELETS\N1_10.OBJ
C:\TEMP\FFTW-3.3.2\FFTW-3.3-LIBS\LIBFFTWF-3.3\RELEASE\DFT\SCALAR\CODELETS\N1_11.OBJ
C:\TEMP\FFTW-3.3.2\FFTW-3.3-LIBS\LIBFFTWF-3.3\RELEASE\DFT\SCALAR\CODELETS\N1_12.OBJ
C:\TEMP\FFTW-3.3.2\FFTW-3.3-LIBS\LIBFFTWF-3.3\RELEASE\DFT\SCALAR\CODELETS\N1_13.OBJ
C:\TEMP\FFTW-3.3.2\FFTW-3.3-LIBS\LIBFFTWF-3.3\RELEASE\DFT\SCALAR\CODELETS\N1_14.OBJ
C:\TEMP\FFTW-3.3.2\FFTW-3.3-LIBS\LIBFFTWF-3.3\RELEASE\DFT\SCALAR\CODELETS\N1_15.OBJ
C:\TEMP\FFTW-3.3.2\FFTW-3.3-LIBS\LIBFFTWF-3.3\RELEASE\DFT\SCALAR\CODELETS\N1_16.OBJ
C:\TEMP\FFTW-3.3.2\FFTW-3.3-LIBS\LIBFFTWF-3.3\RELEASE\DFT\SCALAR\CODELETS\N1_2.OBJ
C:\TEMP\FFTW-3.3.2\FFTW-3.3-LIBS\LIBFFTWF-3.3\RELEASE\DFT\SCALAR\CODELETS\N1_20.OBJ
C:\TEMP\FFTW-3.3.2\FFTW-3.3-LIBS\LIBFFTWF-3.3\RELEASE\DFT\SCALAR\CODELETS\N1_25.OBJ
C:\TEMP\FFTW-3.3.2\FFTW-3.3-LIBS\LIBFFTWF-3.3\RELEASE\DFT\SCALAR\CODELETS\N1_3.OBJ
C:\TEMP\FFTW-3.3.2\FFTW-3.3-LIBS\LIBFFTWF-3.3\RELEASE\DFT\SCALAR\CODELETS\N1_32.OBJ
C:\TEMP\FFTW-3.3.2\FFTW-3.3-LIBS\LIBFFTWF-3.3\RELEASE\DFT\SCALAR\CODELETS\N1_4.OBJ
C:\TEMP\FFTW-3.3.2\FFTW-3.3-LIBS\LIBFFTWF-3.3\RELEASE\DFT\SCALAR\CODELETS\N1_5.OBJ
C:\TEMP\FFTW-3.3.2\FFTW-3.3-LIBS\LIBFFTWF-3.3\RELEASE\DFT\SCALAR\CODELETS\N1_6.OBJ
C:\TEMP\FFTW-3.3.2\FFTW-3.3-LIBS\LIBFFTWF-3.3\RELEASE\DFT\SCALAR\CODELETS\N1_64.OBJ
C:\TEMP\FFTW-3.3.2\FFTW-3.3-LIBS\LIBFFTWF-3.3\RELEASE\DFT\SCALAR\CODELETS\N1_7.OBJ
C:\TEMP\FFTW-3.3.2\FFTW-3.3-LIBS\LIBFFTWF-3.3\RELEASE\DFT\SCALAR\CODELETS\N1_8.OBJ
C:\TEMP\FFTW-3.3.2\FFTW-3.3-LIBS\LIBFFTWF-3.3\RELEASE\DFT\SCALAR\CODELETS\N1_9.OBJ
C:\TEMP\FFTW-3.3.2\FFTW-3.3-LIBS\LIBFFTWF-3.3\RELEASE\DFT\SCALAR\CODELETS\Q1_2.OBJ
C:\TEMP\FFTW-3.3.2\FFTW-3.3-LIBS\LIBFFTWF-3.3\RELEASE\DFT\SCALAR\CODELETS\Q1_3.OBJ
C:\TEMP\FFTW-3.3.2\FFTW-3.3-LIBS\LIBFFTWF-3.3\RELEASE\DFT\SCALAR\CODELETS\Q1_4.OBJ
C:\TEMP\FFTW-3.3.2\FFTW-3.3-LIBS\LIBFFTWF-3.3\RELEASE\DFT\SCALAR\CODELETS\Q1_5.OBJ
C:\TEMP\FFTW-3.3.2\FFTW-3.3-LIBS\LIBFFTWF-3.3\RELEASE\DFT\SCALAR\CODELETS\Q1_6.OBJ
C:\TEMP\FFTW-3.3.2\FFTW-3.3-LIBS\LIBFFTWF-3.3\RELEASE\DFT\SCALAR\CODELETS\Q1_8.OBJ
C:\TEMP\FFTW-3.3.2\FFTW-3.3-LIBS\LIBFFTWF-3.3\RELEASE\DFT\SCALAR\CODELETS\T1_10.OBJ
C:\TEMP\FFTW-3.3.2\FFTW-3.3-LIBS\LIBFFTWF-3.3\RELEASE\DFT\SCALAR\CODELETS\T1_12.OBJ
C:\TEMP\FFTW-3.3.2\FFTW-3.3-LIBS\LIBFFTWF-3.3\RELEASE\DFT\SCALAR\CODELETS\T1_15.OBJ
C:\TEMP\FFTW-3.3.2\FFTW-3.3-LIBS\LIBFFTWF-3.3\RELEASE\DFT\SCALAR\CODELETS\T1_16.OBJ
C:\TEMP\FFTW-3.3.2\FFTW-3.3-LIBS\LIBFFTWF-3.3\RELEASE\DFT\SCALAR\CODELETS\T1_2.OBJ
C:\TEMP\FFTW-3.3.2\FFTW-3.3-LIBS\LIBFFTWF-3.3\RELEASE\DFT\SCALAR\CODELETS\T1_20.OBJ
C:\TEMP\FFTW-3.3.2\FFTW-3.3-LIBS\LIBFFTWF-3.3\RELEASE\DFT\SCALAR\CODELETS\T1_25.OBJ
C:\TEMP\FFTW-3.3.2\FFTW-3.3-LIBS\LIBFFTWF-3.3\RELEASE\DFT\SCALAR\CODELETS\T1_3.OBJ
C:\TEMP\FFTW-3.3.2\FFTW-3.3-LIBS\LIBFFTWF-3.3\RELEASE\DFT\SCALAR\CODELETS\T1_32.OBJ
C:\TEMP\FFTW-3.3.2\FFTW-3.3-LIBS\LIBFFTWF-3.3\RELEASE\DFT\SCALAR\CODELETS\T1_4.OBJ
C:\TEMP\FFTW-3.3.2\FFTW-3.3-LIBS\LIBFFTWF-3.3\RELEASE\DFT\SCALAR\CODELETS\T1_5.OBJ
C:\TEMP\FFTW-3.3.2\FFTW-3.3-LIBS\LIBFFTWF-3.3\RELEASE\DFT\SCALAR\CODELETS\T1_6.OBJ
C:\TEMP\FFTW-3.3.2\FFTW-3.3-LIBS\LIBFFTWF-3.3\RELEASE\DFT\SCALAR\CODELETS\T1_64.OBJ
C:\TEMP\FFTW-3.3.2\FFTW-3.3-LIBS\LIBFFTWF-3.3\RELEASE\DFT\SCALAR\CODELETS\T1_7.OBJ
C:\TEMP\FFTW-3.3.2\FFTW-3.3-LIBS\LIBFFTWF-3.3\RELEASE\DFT\SCALAR\CODELETS\T1_8.OBJ
C:\TEMP\FFTW-3.3.2\FFTW-3.3-LIBS\LIBFFTWF-3.3\RELEASE\DFT\SCALAR\CODELETS\T1_9.OBJ
C:\TEMP\FFTW-3.3.2\FFTW-3.3-LIBS\LIBFFTWF-3.3\RELEASE\DFT\SCALAR\CODELETS\T2_10.OBJ
C:\TEMP\FFTW-3.3.2\FFTW-3.3-LIBS\LIBFFTWF-3.3\RELEASE\DFT\SCALAR\CODELETS\T2_16.OBJ
C:\TEMP\FFTW-3.3.2\FFTW-3.3-LIBS\LIBFFTWF-3.3\RELEASE\DFT\SCALAR\CODELETS\T2_20.OBJ
C:\TEMP\FFTW-3.3.2\FFTW-3.3-LIBS\LIBFFTWF-3.3\RELEASE\DFT\SCALAR\CODELETS\T2_25.OBJ
C:\TEMP\FFTW-3.3.2\FFTW-3.3-LIBS\LIBFFTWF-3.3\RELEASE\DFT\SCALAR\CODELETS\T2_32.OBJ
C:\TEMP\FFTW-3.3.2\FFTW-3.3-LIBS\LIBFFTWF-3.3\RELEASE\DFT\SCALAR\CODELETS\T2_4.OBJ
C:\TEMP\FFTW-3.3.2\FFTW-3.3-LIBS\LIBFFTWF-3.3\RELEASE\DFT\SCALAR\CODELETS\T2_5.OBJ
C:\TEMP\FFTW-3.3.2\FFTW-3.3-LIBS\LIBFFTWF-3.3\RELEASE\DFT\SCALAR\CODELETS\T2_64.OBJ
C:\TEMP\FFTW-3.3.2\FFTW-3.3-LIBS\LIBFFTWF-3.3\RELEASE\DFT\SCALAR\CODELETS\T2_8.OBJ
C:\TEMP\FFTW-3.3.2\FFTW-3.3-LIBS\LIBFFTWF-3.3\RELEASE\DFT\SCALAR\N.OBJ
C:\TEMP\FFTW-3.3.2\FFTW-3.3-LIBS\LIBFFTWF-3.3\RELEASE\DFT\SCALAR\T.OBJ
C:\TEMP\FFTW-3.3.2\FFTW-3.3-LIBS\LIBFFTWF-3.3\RELEASE\DFT\SIMD\SSE2\CODLIST.OBJ
C:\TEMP\FFTW-3.3.2\FFTW-3.3-LIBS\LIBFFTWF-3.3\RELEASE\DFT\SIMD\SSE2\GENUS.OBJ
C:\TEMP\FFTW-3.3.2\FFTW-3.3-LIBS\LIBFFTWF-3.3\RELEASE\DFT\SIMD\SSE2\N1BV_10.OBJ
C:\TEMP\FFTW-3.3.2\FFTW-3.3-LIBS\LIBFFTWF-3.3\RELEASE\DFT\SIMD\SSE2\N1BV_11.OBJ
C:\TEMP\FFTW-3.3.2\FFTW-3.3-LIBS\LIBFFTWF-3.3\RELEASE\DFT\SIMD\SSE2\N1BV_12.OBJ
C:\TEMP\FFTW-3.3.2\FFTW-3.3-LIBS\LIBFFTWF-3.3\RELEASE\DFT\SIMD\SSE2\N1BV_128.OBJ
C:\TEMP\FFTW-3.3.2\FFTW-3.3-LIBS\LIBFFTWF-3.3\RELEASE\DFT\SIMD\SSE2\N1BV_13.OBJ
C:\TEMP\FFTW-3.3.2\FFTW-3.3-LIBS\LIBFFTWF-3.3\RELEASE\DFT\SIMD\SSE2\N1BV_14.OBJ
C:\TEMP\FFTW-3.3.2\FFTW-3.3-LIBS\LIBFFTWF-3.3\RELEASE\DFT\SIMD\SSE2\N1BV_15.OBJ
C:\TEMP\FFTW-3.3.2\FFTW-3.3-LIBS\LIBFFTWF-3.3\RELEASE\DFT\SIMD\SSE2\N1BV_16.OBJ
C:\TEMP\FFTW-3.3.2\FFTW-3.3-LIBS\LIBFFTWF-3.3\RELEASE\DFT\SIMD\SSE2\N1BV_2.OBJ
C:\TEMP\FFTW-3.3.2\FFTW-3.3-LIBS\LIBFFTWF-3.3\RELEASE\DFT\SIMD\SSE2\N1BV_20.OBJ
C:\TEMP\FFTW-3.3.2\FFTW-3.3-LIBS\LIBFFTWF-3.3\RELEASE\DFT\SIMD\SSE2\N1BV_25.OBJ
C:\TEMP\FFTW-3.3.2\FFTW-3.3-LIBS\LIBFFTWF-3.3\RELEASE\DFT\SIMD\SSE2\N1BV_3.OBJ
C:\TEMP\FFTW-3.3.2\FFTW-3.3-LIBS\LIBFFTWF-3.3\RELEASE\DFT\SIMD\SSE2\N1BV_32.OBJ
C:\TEMP\FFTW-3.3.2\FFTW-3.3-LIBS\LIBFFTWF-3.3\RELEASE\DFT\SIMD\SSE2\N1BV_4.OBJ
C:\TEMP\FFTW-3.3.2\FFTW-3.3-LIBS\LIBFFTWF-3.3\RELEASE\DFT\SIMD\SSE2\N1BV_5.OBJ
C:\TEMP\FFTW-3.3.2\FFTW-3.3-LIBS\LIBFFTWF-3.3\RELEASE\DFT\SIMD\SSE2\N1BV_6.OBJ
C:\TEMP\FFTW-3.3.2\FFTW-3.3-LIBS\LIBFFTWF-3.3\RELEASE\DFT\SIMD\SSE2\N1BV_64.OBJ
C:\TEMP\FFTW-3.3.2\FFTW-3.3-LIBS\LIBFFTWF-3.3\RELEASE\DFT\SIMD\SSE2\N1BV_7.OBJ
C:\TEMP\FFTW-3.3.2\FFTW-3.3-LIBS\LIBFFTWF-3.3\RELEASE\DFT\SIMD\SSE2\N1BV_8.OBJ
C:\TEMP\FFTW-3.3.2\FFTW-3.3-LIBS\LIBFFTWF-3.3\RELEASE\DFT\SIMD\SSE2\N1BV_9.OBJ
C:\TEMP\FFTW-3.3.2\FFTW-3.3-LIBS\LIBFFTWF-3.3\RELEASE\DFT\SIMD\SSE2\N1FV_10.OBJ
C:\TEMP\FFTW-3.3.2\FFTW-3.3-LIBS\LIBFFTWF-3.3\RELEASE\DFT\SIMD\SSE2\N1FV_11.OBJ
C:\TEMP\FFTW-3.3.2\FFTW-3.3-LIBS\LIBFFTWF-3.3\RELEASE\DFT\SIMD\SSE2\N1FV_12.OBJ
C:\TEMP\FFTW-3.3.2\FFTW-3.3-LIBS\LIBFFTWF-3.3\RELEASE\DFT\SIMD\SSE2\N1FV_128.OBJ
C:\TEMP\FFTW-3.3.2\FFTW-3.3-LIBS\LIBFFTWF-3.3\RELEASE\DFT\SIMD\SSE2\N1FV_13.OBJ
C:\TEMP\FFTW-3.3.2\FFTW-3.3-LIBS\LIBFFTWF-3.3\RELEASE\DFT\SIMD\SSE2\N1FV_14.OBJ
C:\TEMP\FFTW-3.3.2\FFTW-3.3-LIBS\LIBFFTWF-3.3\RELEASE\DFT\SIMD\SSE2\N1FV_15.OBJ
C:\TEMP\FFTW-3.3.2\FFTW-3.3-LIBS\LIBFFTWF-3.3\RELEASE\DFT\SIMD\SSE2\N1FV_16.OBJ
C:\TEMP\FFTW-3.3.2\FFTW-3.3-LIBS\LIBFFTWF-3.3\RELEASE\DFT\SIMD\SSE2\N1FV_2.OBJ
C:\TEMP\FFTW-3.3.2\FFTW-3.3-LIBS\LIBFFTWF-3.3\RELEASE\DFT\SIMD\SSE2\N1FV_20.OBJ
C:\TEMP\FFTW-3.3.2\FFTW-3.3-LIBS\LIBFFTWF-3.3\RELEASE\DFT\SIMD\SSE2\N1FV_25.OBJ
C:\TEMP\FFTW-3.3.2\FFTW-3.3-LIBS\LIBFFTWF-3.3\RELEASE\DFT\SIMD\SSE2\N1FV_3.OBJ
C:\TEMP\FFTW-3.3.2\FFTW-3.3-LIBS\LIBFFTWF-3.3\RELEASE\DFT\SIMD\SSE2\N1FV_32.OBJ
C:\TEMP\FFTW-3.3.2\FFTW-3.3-LIBS\LIBFFTWF-3.3\RELEASE\DFT\SIMD\SSE2\N1FV_4.OBJ
C:\TEMP\FFTW-3.3.2\FFTW-3.3-LIBS\LIBFFTWF-3.3\RELEASE\DFT\SIMD\SSE2\N1FV_5.OBJ
C:\TEMP\FFTW-3.3.2\FFTW-3.3-LIBS\LIBFFTWF-3.3\RELEASE\DFT\SIMD\SSE2\N1FV_6.OBJ
C:\TEMP\FFTW-3.3.2\FFTW-3.3-LIBS\LIBFFTWF-3.3\RELEASE\DFT\SIMD\SSE2\N1FV_64.OBJ
C:\TEMP\FFTW-3.3.2\FFTW-3.3-LIBS\LIBFFTWF-3.3\RELEASE\DFT\SIMD\SSE2\N1FV_7.OBJ
C:\TEMP\FFTW-3.3.2\FFTW-3.3-LIBS\LIBFFTWF-3.3\RELEASE\DFT\SIMD\SSE2\N1FV_8.OBJ
C:\TEMP\FFTW-3.3.2\FFTW-3.3-LIBS\LIBFFTWF-3.3\RELEASE\DFT\SIMD\SSE2\N1FV_9.OBJ
C:\TEMP\FFTW-3.3.2\FFTW-3.3-LIBS\LIBFFTWF-3.3\RELEASE\DFT\SIMD\SSE2\N2BV_10.OBJ
C:\TEMP\FFTW-3.3.2\FFTW-3.3-LIBS\LIBFFTWF-3.3\RELEASE\DFT\SIMD\SSE2\N2BV_12.OBJ
C:\TEMP\FFTW-3.3.2\FFTW-3.3-LIBS\LIBFFTWF-3.3\RELEASE\DFT\SIMD\SSE2\N2BV_14.OBJ
C:\TEMP\FFTW-3.3.2\FFTW-3.3-LIBS\LIBFFTWF-3.3\RELEASE\DFT\SIMD\SSE2\N2BV_16.OBJ
C:\TEMP\FFTW-3.3.2\FFTW-3.3-LIBS\LIBFFTWF-3.3\RELEASE\DFT\SIMD\SSE2\N2BV_2.OBJ
C:\TEMP\FFTW-3.3.2\FFTW-3.3-LIBS\LIBFFTWF-3.3\RELEASE\DFT\SIMD\SSE2\N2BV_20.OBJ
C:\TEMP\FFTW-3.3.2\FFTW-3.3-LIBS\LIBFFTWF-3.3\RELEASE\DFT\SIMD\SSE2\N2BV_32.OBJ
C:\TEMP\FFTW-3.3.2\FFTW-3.3-LIBS\LIBFFTWF-3.3\RELEASE\DFT\SIMD\SSE2\N2BV_4.OBJ
C:\TEMP\FFTW-3.3.2\FFTW-3.3-LIBS\LIBFFTWF-3.3\RELEASE\DFT\SIMD\SSE2\N2BV_6.OBJ
C:\TEMP\FFTW-3.3.2\FFTW-3.3-LIBS\LIBFFTWF-3.3\RELEASE\DFT\SIMD\SSE2\N2BV_64.OBJ
C:\TEMP\FFTW-3.3.2\FFTW-3.3-LIBS\LIBFFTWF-3.3\RELEASE\DFT\SIMD\SSE2\N2BV_8.OBJ
C:\TEMP\FFTW-3.3.2\FFTW-3.3-LIBS\LIBFFTWF-3.3\RELEASE\DFT\SIMD\SSE2\N2FV_10.OBJ
C:\TEMP\FFTW-3.3.2\FFTW-3.3-LIBS\LIBFFTWF-3.3\RELEASE\DFT\SIMD\SSE2\N2FV_12.OBJ
C:\TEMP\FFTW-3.3.2\FFTW-3.3-LIBS\LIBFFTWF-3.3\RELEASE\DFT\SIMD\SSE2\N2FV_14.OBJ
C:\TEMP\FFTW-3.3.2\FFTW-3.3-LIBS\LIBFFTWF-3.3\RELEASE\DFT\SIMD\SSE2\N2FV_16.OBJ
C:\TEMP\FFTW-3.3.2\FFTW-3.3-LIBS\LIBFFTWF-3.3\RELEASE\DFT\SIMD\SSE2\N2FV_2.OBJ
C:\TEMP\FFTW-3.3.2\FFTW-3.3-LIBS\LIBFFTWF-3.3\RELEASE\DFT\SIMD\SSE2\N2FV_20.OBJ
C:\TEMP\FFTW-3.3.2\FFTW-3.3-LIBS\LIBFFTWF-3.3\RELEASE\DFT\SIMD\SSE2\N2FV_32.OBJ
C:\TEMP\FFTW-3.3.2\FFTW-3.3-LIBS\LIBFFTWF-3.3\RELEASE\DFT\SIMD\SSE2\N2FV_4.OBJ
C:\TEMP\FFTW-3.3.2\FFTW-3.3-LIBS\LIBFFTWF-3.3\RELEASE\DFT\SIMD\SSE2\N2FV_6.OBJ
C:\TEMP\FFTW-3.3.2\FFTW-3.3-LIBS\LIBFFTWF-3.3\RELEASE\DFT\SIMD\SSE2\N2FV_64.OBJ
C:\TEMP\FFTW-3.3.2\FFTW-3.3-LIBS\LIBFFTWF-3.3\RELEASE\DFT\SIMD\SSE2\N2FV_8.OBJ
C:\TEMP\FFTW-3.3.2\FFTW-3.3-LIBS\LIBFFTWF-3.3\RELEASE\DFT\SIMD\SSE2\N2SV_16.OBJ
C:\TEMP\FFTW-3.3.2\FFTW-3.3-LIBS\LIBFFTWF-3.3\RELEASE\DFT\SIMD\SSE2\N2SV_32.OBJ
C:\TEMP\FFTW-3.3.2\FFTW-3.3-LIBS\LIBFFTWF-3.3\RELEASE\DFT\SIMD\SSE2\N2SV_4.OBJ
C:\TEMP\FFTW-3.3.2\FFTW-3.3-LIBS\LIBFFTWF-3.3\RELEASE\DFT\SIMD\SSE2\N2SV_64.OBJ
C:\TEMP\FFTW-3.3.2\FFTW-3.3-LIBS\LIBFFTWF-3.3\RELEASE\DFT\SIMD\SSE2\N2SV_8.OBJ
C:\TEMP\FFTW-3.3.2\FFTW-3.3-LIBS\LIBFFTWF-3.3\RELEASE\DFT\SIMD\SSE2\Q1BV_2.OBJ
C:\TEMP\FFTW-3.3.2\FFTW-3.3-LIBS\LIBFFTWF-3.3\RELEASE\DFT\SIMD\SSE2\Q1BV_4.OBJ
C:\TEMP\FFTW-3.3.2\FFTW-3.3-LIBS\LIBFFTWF-3.3\RELEASE\DFT\SIMD\SSE2\Q1BV_5.OBJ
C:\TEMP\FFTW-3.3.2\FFTW-3.3-LIBS\LIBFFTWF-3.3\RELEASE\DFT\SIMD\SSE2\Q1BV_8.OBJ
C:\TEMP\FFTW-3.3.2\FFTW-3.3-LIBS\LIBFFTWF-3.3\RELEASE\DFT\SIMD\SSE2\Q1FV_2.OBJ
C:\TEMP\FFTW-3.3.2\FFTW-3.3-LIBS\LIBFFTWF-3.3\RELEASE\DFT\SIMD\SSE2\Q1FV_4.OBJ
C:\TEMP\FFTW-3.3.2\FFTW-3.3-LIBS\LIBFFTWF-3.3\RELEASE\DFT\SIMD\SSE2\Q1FV_5.OBJ
C:\TEMP\FFTW-3.3.2\FFTW-3.3-LIBS\LIBFFTWF-3.3\RELEASE\DFT\SIMD\SSE2\Q1FV_8.OBJ
C:\TEMP\FFTW-3.3.2\FFTW-3.3-LIBS\LIBFFTWF-3.3\RELEASE\DFT\SIMD\SSE2\T1BUV_10.OBJ
C:\TEMP\FFTW-3.3.2\FFTW-3.3-LIBS\LIBFFTWF-3.3\RELEASE\DFT\SIMD\SSE2\T1BUV_2.OBJ
C:\TEMP\FFTW-3.3.2\FFTW-3.3-LIBS\LIBFFTWF-3.3\RELEASE\DFT\SIMD\SSE2\T1BUV_3.OBJ
C:\TEMP\FFTW-3.3.2\FFTW-3.3-LIBS\LIBFFTWF-3.3\RELEASE\DFT\SIMD\SSE2\T1BUV_4.OBJ
C:\TEMP\FFTW-3.3.2\FFTW-3.3-LIBS\LIBFFTWF-3.3\RELEASE\DFT\SIMD\SSE2\T1BUV_5.OBJ
C:\TEMP\FFTW-3.3.2\FFTW-3.3-LIBS\LIBFFTWF-3.3\RELEASE\DFT\SIMD\SSE2\T1BUV_6.OBJ
C:\TEMP\FFTW-3.3.2\FFTW-3.3-LIBS\LIBFFTWF-3.3\RELEASE\DFT\SIMD\SSE2\T1BUV_7.OBJ
C:\TEMP\FFTW-3.3.2\FFTW-3.3-LIBS\LIBFFTWF-3.3\RELEASE\DFT\SIMD\SSE2\T1BUV_8.OBJ
C:\TEMP\FFTW-3.3.2\FFTW-3.3-LIBS\LIBFFTWF-3.3\RELEASE\DFT\SIMD\SSE2\T1BUV_9.OBJ
C:\TEMP\FFTW-3.3.2\FFTW-3.3-LIBS\LIBFFTWF-3.3\RELEASE\DFT\SIMD\SSE2\T1BV_10.OBJ
C:\TEMP\FFTW-3.3.2\FFTW-3.3-LIBS\LIBFFTWF-3.3\RELEASE\DFT\SIMD\SSE2\T1BV_12.OBJ
C:\TEMP\FFTW-3.3.2\FFTW-3.3-LIBS\LIBFFTWF-3.3\RELEASE\DFT\SIMD\SSE2\T1BV_15.OBJ
C:\TEMP\FFTW-3.3.2\FFTW-3.3-LIBS\LIBFFTWF-3.3\RELEASE\DFT\SIMD\SSE2\T1BV_16.OBJ
C:\TEMP\FFTW-3.3.2\FFTW-3.3-LIBS\LIBFFTWF-3.3\RELEASE\DFT\SIMD\SSE2\T1BV_2.OBJ
C:\TEMP\FFTW-3.3.2\FFTW-3.3-LIBS\LIBFFTWF-3.3\RELEASE\DFT\SIMD\SSE2\T1BV_20.OBJ
C:\TEMP\FFTW-3.3.2\FFTW-3.3-LIBS\LIBFFTWF-3.3\RELEASE\DFT\SIMD\SSE2\T1BV_25.OBJ
C:\TEMP\FFTW-3.3.2\FFTW-3.3-LIBS\LIBFFTWF-3.3\RELEASE\DFT\SIMD\SSE2\T1BV_3.OBJ
C:\TEMP\FFTW-3.3.2\FFTW-3.3-LIBS\LIBFFTWF-3.3\RELEASE\DFT\SIMD\SSE2\T1BV_32.OBJ
C:\TEMP\FFTW-3.3.2\FFTW-3.3-LIBS\LIBFFTWF-3.3\RELEASE\DFT\SIMD\SSE2\T1BV_4.OBJ
C:\TEMP\FFTW-3.3.2\FFTW-3.3-LIBS\LIBFFTWF-3.3\RELEASE\DFT\SIMD\SSE2\T1BV_5.OBJ
C:\TEMP\FFTW-3.3.2\FFTW-3.3-LIBS\LIBFFTWF-3.3\RELEASE\DFT\SIMD\SSE2\T1BV_6.OBJ
C:\TEMP\FFTW-3.3.2\FFTW-3.3-LIBS\LIBFFTWF-3.3\RELEASE\DFT\SIMD\SSE2\T1BV_64.OBJ
C:\TEMP\FFTW-3.3.2\FFTW-3.3-LIBS\LIBFFTWF-3.3\RELEASE\DFT\SIMD\SSE2\T1BV_7.OBJ
C:\TEMP\FFTW-3.3.2\FFTW-3.3-LIBS\LIBFFTWF-3.3\RELEASE\DFT\SIMD\SSE2\T1BV_8.OBJ
C:\TEMP\FFTW-3.3.2\FFTW-3.3-LIBS\LIBFFTWF-3.3\RELEASE\DFT\SIMD\SSE2\T1BV_9.OBJ
C:\TEMP\FFTW-3.3.2\FFTW-3.3-LIBS\LIBFFTWF-3.3\RELEASE\DFT\SIMD\SSE2\T1FUV_10.OBJ
C:\TEMP\FFTW-3.3.2\FFTW-3.3-LIBS\LIBFFTWF-3.3\RELEASE\DFT\SIMD\SSE2\T1FUV_2.OBJ
C:\TEMP\FFTW-3.3.2\FFTW-3.3-LIBS\LIBFFTWF-3.3\RELEASE\DFT\SIMD\SSE2\T1FUV_3.OBJ
C:\TEMP\FFTW-3.3.2\FFTW-3.3-LIBS\LIBFFTWF-3.3\RELEASE\DFT\SIMD\SSE2\T1FUV_4.OBJ
C:\TEMP\FFTW-3.3.2\FFTW-3.3-LIBS\LIBFFTWF-3.3\RELEASE\DFT\SIMD\SSE2\T1FUV_5.OBJ
C:\TEMP\FFTW-3.3.2\FFTW-3.3-LIBS\LIBFFTWF-3.3\RELEASE\DFT\SIMD\SSE2\T1FUV_6.OBJ
C:\TEMP\FFTW-3.3.2\FFTW-3.3-LIBS\LIBFFTWF-3.3\RELEASE\DFT\SIMD\SSE2\T1FUV_7.OBJ
C:\TEMP\FFTW-3.3.2\FFTW-3.3-LIBS\LIBFFTWF-3.3\RELEASE\DFT\SIMD\SSE2\T1FUV_8.OBJ
C:\TEMP\FFTW-3.3.2\FFTW-3.3-LIBS\LIBFFTWF-3.3\RELEASE\DFT\SIMD\SSE2\T1FUV_9.OBJ
C:\TEMP\FFTW-3.3.2\FFTW-3.3-LIBS\LIBFFTWF-3.3\RELEASE\DFT\SIMD\SSE2\T1FV_10.OBJ
C:\TEMP\FFTW-3.3.2\FFTW-3.3-LIBS\LIBFFTWF-3.3\RELEASE\DFT\SIMD\SSE2\T1FV_12.OBJ
C:\TEMP\FFTW-3.3.2\FFTW-3.3-LIBS\LIBFFTWF-3.3\RELEASE\DFT\SIMD\SSE2\T1FV_15.OBJ
C:\TEMP\FFTW-3.3.2\FFTW-3.3-LIBS\LIBFFTWF-3.3\RELEASE\DFT\SIMD\SSE2\T1FV_16.OBJ
C:\TEMP\FFTW-3.3.2\FFTW-3.3-LIBS\LIBFFTWF-3.3\RELEASE\DFT\SIMD\SSE2\T1FV_2.OBJ
C:\TEMP\FFTW-3.3.2\FFTW-3.3-LIBS\LIBFFTWF-3.3\RELEASE\DFT\SIMD\SSE2\T1FV_20.OBJ
C:\TEMP\FFTW-3.3.2\FFTW-3.3-LIBS\LIBFFTWF-3.3\RELEASE\DFT\SIMD\SSE2\T1FV_25.OBJ
C:\TEMP\FFTW-3.3.2\FFTW-3.3-LIBS\LIBFFTWF-3.3\RELEASE\DFT\SIMD\SSE2\T1FV_3.OBJ
C:\TEMP\FFTW-3.3.2\FFTW-3.3-LIBS\LIBFFTWF-3.3\RELEASE\DFT\SIMD\SSE2\T1FV_32.OBJ
C:\TEMP\FFTW-3.3.2\FFTW-3.3-LIBS\LIBFFTWF-3.3\RELEASE\DFT\SIMD\SSE2\T1FV_4.OBJ
C:\TEMP\FFTW-3.3.2\FFTW-3.3-LIBS\LIBFFTWF-3.3\RELEASE\DFT\SIMD\SSE2\T1FV_5.OBJ
C:\TEMP\FFTW-3.3.2\FFTW-3.3-LIBS\LIBFFTWF-3.3\RELEASE\DFT\SIMD\SSE2\T1FV_6.OBJ
C:\TEMP\FFTW-3.3.2\FFTW-3.3-LIBS\LIBFFTWF-3.3\RELEASE\DFT\SIMD\SSE2\T1FV_64.OBJ
C:\TEMP\FFTW-3.3.2\FFTW-3.3-LIBS\LIBFFTWF-3.3\RELEASE\DFT\SIMD\SSE2\T1FV_7.OBJ
C:\TEMP\FFTW-3.3.2\FFTW-3.3-LIBS\LIBFFTWF-3.3\RELEASE\DFT\SIMD\SSE2\T1FV_8.OBJ
C:\TEMP\FFTW-3.3.2\FFTW-3.3-LIBS\LIBFFTWF-3.3\RELEASE\DFT\SIMD\SSE2\T1FV_9.OBJ
C:\TEMP\FFTW-3.3.2\FFTW-3.3-LIBS\LIBFFTWF-3.3\RELEASE\DFT\SIMD\SSE2\T1SV_16.OBJ
C:\TEMP\FFTW-3.3.2\FFTW-3.3-LIBS\LIBFFTWF-3.3\RELEASE\DFT\SIMD\SSE2\T1SV_2.OBJ
C:\TEMP\FFTW-3.3.2\FFTW-3.3-LIBS\LIBFFTWF-3.3\RELEASE\DFT\SIMD\SSE2\T1SV_32.OBJ
C:\TEMP\FFTW-3.3.2\FFTW-3.3-LIBS\LIBFFTWF-3.3\RELEASE\DFT\SIMD\SSE2\T1SV_4.OBJ
C:\TEMP\FFTW-3.3.2\FFTW-3.3-LIBS\LIBFFTWF-3.3\RELEASE\DFT\SIMD\SSE2\T1SV_8.OBJ
C:\TEMP\FFTW-3.3.2\FFTW-3.3-LIBS\LIBFFTWF-3.3\RELEASE\DFT\SIMD\SSE2\T2BV_10.OBJ
C:\TEMP\FFTW-3.3.2\FFTW-3.3-LIBS\LIBFFTWF-3.3\RELEASE\DFT\SIMD\SSE2\T2BV_16.OBJ
C:\TEMP\FFTW-3.3.2\FFTW-3.3-LIBS\LIBFFTWF-3.3\RELEASE\DFT\SIMD\SSE2\T2BV_2.OBJ
C:\TEMP\FFTW-3.3.2\FFTW-3.3-LIBS\LIBFFTWF-3.3\RELEASE\DFT\SIMD\SSE2\T2BV_20.OBJ
C:\TEMP\FFTW-3.3.2\FFTW-3.3-LIBS\LIBFFTWF-3.3\RELEASE\DFT\SIMD\SSE2\T2BV_25.OBJ
C:\TEMP\FFTW-3.3.2\FFTW-3.3-LIBS\LIBFFTWF-3.3\RELEASE\DFT\SIMD\SSE2\T2BV_32.OBJ
C:\TEMP\FFTW-3.3.2\FFTW-3.3-LIBS\LIBFFTWF-3.3\RELEASE\DFT\SIMD\SSE2\T2BV_4.OBJ
C:\TEMP\FFTW-3.3.2\FFTW-3.3-LIBS\LIBFFTWF-3.3\RELEASE\DFT\SIMD\SSE2\T2BV_5.OBJ
C:\TEMP\FFTW-3.3.2\FFTW-3.3-LIBS\LIBFFTWF-3.3\RELEASE\DFT\SIMD\SSE2\T2BV_64.OBJ
C:\TEMP\FFTW-3.3.2\FFTW-3.3-LIBS\LIBFFTWF-3.3\RELEASE\DFT\SIMD\SSE2\T2BV_8.OBJ
C:\TEMP\FFTW-3.3.2\FFTW-3.3-LIBS\LIBFFTWF-3.3\RELEASE\DFT\SIMD\SSE2\T2FV_10.OBJ
C:\TEMP\FFTW-3.3.2\FFTW-3.3-LIBS\LIBFFTWF-3.3\RELEASE\DFT\SIMD\SSE2\T2FV_16.OBJ
C:\TEMP\FFTW-3.3.2\FFTW-3.3-LIBS\LIBFFTWF-3.3\RELEASE\DFT\SIMD\SSE2\T2FV_2.OBJ
C:\TEMP\FFTW-3.3.2\FFTW-3.3-LIBS\LIBFFTWF-3.3\RELEASE\DFT\SIMD\SSE2\T2FV_20.OBJ
C:\TEMP\FFTW-3.3.2\FFTW-3.3-LIBS\LIBFFTWF-3.3\RELEASE\DFT\SIMD\SSE2\T2FV_25.OBJ
C:\TEMP\FFTW-3.3.2\FFTW-3.3-LIBS\LIBFFTWF-3.3\RELEASE\DFT\SIMD\SSE2\T2FV_32.OBJ
C:\TEMP\FFTW-3.3.2\FFTW-3.3-LIBS\LIBFFTWF-3.3\RELEASE\DFT\SIMD\SSE2\T2FV_4.OBJ
C:\TEMP\FFTW-3.3.2\FFTW-3.3-LIBS\LIBFFTWF-3.3\RELEASE\DFT\SIMD\SSE2\T2FV_5.OBJ
C:\TEMP\FFTW-3.3.2\FFTW-3.3-LIBS\LIBFFTWF-3.3\RELEASE\DFT\SIMD\SSE2\T2FV_64.OBJ
C:\TEMP\FFTW-3.3.2\FFTW-3.3-LIBS\LIBFFTWF-3.3\RELEASE\DFT\SIMD\SSE2\T2FV_8.OBJ
C:\TEMP\FFTW-3.3.2\FFTW-3.3-LIBS\LIBFFTWF-3.3\RELEASE\DFT\SIMD\SSE2\T2SV_16.OBJ
C:\TEMP\FFTW-3.3.2\FFTW-3.3-LIBS\LIBFFTWF-3.3\RELEASE\DFT\SIMD\SSE2\T2SV_32.OBJ
C:\TEMP\FFTW-3.3.2\FFTW-3.3-LIBS\LIBFFTWF-3.3\RELEASE\DFT\SIMD\SSE2\T2SV_4.OBJ
C:\TEMP\FFTW-3.3.2\FFTW-3.3-LIBS\LIBFFTWF-3.3\RELEASE\DFT\SIMD\SSE2\T2SV_8.OBJ
C:\TEMP\FFTW-3.3.2\FFTW-3.3-LIBS\LIBFFTWF-3.3\RELEASE\DFT\SIMD\SSE2\T3BV_10.OBJ
C:\TEMP\FFTW-3.3.2\FFTW-3.3-LIBS\LIBFFTWF-3.3\RELEASE\DFT\SIMD\SSE2\T3BV_16.OBJ
C:\TEMP\FFTW-3.3.2\FFTW-3.3-LIBS\LIBFFTWF-3.3\RELEASE\DFT\SIMD\SSE2\T3BV_20.OBJ
C:\TEMP\FFTW-3.3.2\FFTW-3.3-LIBS\LIBFFTWF-3.3\RELEASE\DFT\SIMD\SSE2\T3BV_25.OBJ
C:\TEMP\FFTW-3.3.2\FFTW-3.3-LIBS\LIBFFTWF-3.3\RELEASE\DFT\SIMD\SSE2\T3BV_32.OBJ
C:\TEMP\FFTW-3.3.2\FFTW-3.3-LIBS\LIBFFTWF-3.3\RELEASE\DFT\SIMD\SSE2\T3BV_4.OBJ
C:\TEMP\FFTW-3.3.2\FFTW-3.3-LIBS\LIBFFTWF-3.3\RELEASE\DFT\SIMD\SSE2\T3BV_5.OBJ
C:\TEMP\FFTW-3.3.2\FFTW-3.3-LIBS\LIBFFTWF-3.3\RELEASE\DFT\SIMD\SSE2\T3BV_8.OBJ
C:\TEMP\FFTW-3.3.2\FFTW-3.3-LIBS\LIBFFTWF-3.3\RELEASE\DFT\SIMD\SSE2\T3FV_10.OBJ
C:\TEMP\FFTW-3.3.2\FFTW-3.3-LIBS\LIBFFTWF-3.3\RELEASE\DFT\SIMD\SSE2\T3FV_16.OBJ
C:\TEMP\FFTW-3.3.2\FFTW-3.3-LIBS\LIBFFTWF-3.3\RELEASE\DFT\SIMD\SSE2\T3FV_20.OBJ
C:\TEMP\FFTW-3.3.2\FFTW-3.3-LIBS\LIBFFTWF-3.3\RELEASE\DFT\SIMD\SSE2\T3FV_25.OBJ
C:\TEMP\FFTW-3.3.2\FFTW-3.3-LIBS\LIBFFTWF-3.3\RELEASE\DFT\SIMD\SSE2\T3FV_32.OBJ
C:\TEMP\FFTW-3.3.2\FFTW-3.3-LIBS\LIBFFTWF-3.3\RELEASE\DFT\SIMD\SSE2\T3FV_4.OBJ
C:\TEMP\FFTW-3.3.2\FFTW-3.3-LIBS\LIBFFTWF-3.3\RELEASE\DFT\SIMD\SSE2\T3FV_5.OBJ
C:\TEMP\FFTW-3.3.2\FFTW-3.3-LIBS\LIBFFTWF-3.3\RELEASE\DFT\SIMD\SSE2\T3FV_8.OBJ
C:\TEMP\FFTW-3.3.2\FFTW-3.3-LIBS\LIBFFTWF-3.3\RELEASE\DFT\SOLVE.OBJ
C:\TEMP\FFTW-3.3.2\FFTW-3.3-LIBS\LIBFFTWF-3.3\RELEASE\DFT\VRANK-GEQ1.OBJ
C:\TEMP\FFTW-3.3.2\FFTW-3.3-LIBS\LIBFFTWF-3.3\RELEASE\DFT\ZERO.OBJ
C:\TEMP\FFTW-3.3.2\FFTW-3.3-LIBS\LIBFFTWF-3.3\RELEASE\KERNEL\ALIGN.OBJ
C:\TEMP\FFTW-3.3.2\FFTW-3.3-LIBS\LIBFFTWF-3.3\RELEASE\KERNEL\ALLOC.OBJ
C:\TEMP\FFTW-3.3.2\FFTW-3.3-LIBS\LIBFFTWF-3.3\RELEASE\KERNEL\ASSERT.OBJ
C:\TEMP\FFTW-3.3.2\FFTW-3.3-LIBS\LIBFFTWF-3.3\RELEASE\KERNEL\AWAKE.OBJ
C:\TEMP\FFTW-3.3.2\FFTW-3.3-LIBS\LIBFFTWF-3.3\RELEASE\KERNEL\BUFFERED.OBJ
C:\TEMP\FFTW-3.3.2\FFTW-3.3-LIBS\LIBFFTWF-3.3\RELEASE\KERNEL\CPY1D.OBJ
C:\TEMP\FFTW-3.3.2\FFTW-3.3-LIBS\LIBFFTWF-3.3\RELEASE\KERNEL\CPY2D.OBJ
C:\TEMP\FFTW-3.3.2\FFTW-3.3-LIBS\LIBFFTWF-3.3\RELEASE\KERNEL\CPY2D-PAIR.OBJ
C:\TEMP\FFTW-3.3.2\FFTW-3.3-LIBS\LIBFFTWF-3.3\RELEASE\KERNEL\CT.OBJ
C:\TEMP\FFTW-3.3.2\FFTW-3.3-LIBS\LIBFFTWF-3.3\RELEASE\KERNEL\DEBUG.OBJ
C:\TEMP\FFTW-3.3.2\FFTW-3.3-LIBS\LIBFFTWF-3.3\RELEASE\KERNEL\EXTRACT-REIM.OBJ
C:\TEMP\FFTW-3.3.2\FFTW-3.3-LIBS\LIBFFTWF-3.3\RELEASE\KERNEL\HASH.OBJ
C:\TEMP\FFTW-3.3.2\FFTW-3.3-LIBS\LIBFFTWF-3.3\RELEASE\KERNEL\IABS.OBJ
C:\TEMP\FFTW-3.3.2\FFTW-3.3-LIBS\LIBFFTWF-3.3\RELEASE\KERNEL\KALLOC.OBJ
C:\TEMP\FFTW-3.3.2\FFTW-3.3-LIBS\LIBFFTWF-3.3\RELEASE\KERNEL\MD5.OBJ
C:\TEMP\FFTW-3.3.2\FFTW-3.3-LIBS\LIBFFTWF-3.3\RELEASE\KERNEL\MD5-1.OBJ
C:\TEMP\FFTW-3.3.2\FFTW-3.3-LIBS\LIBFFTWF-3.3\RELEASE\KERNEL\MINMAX.OBJ
C:\TEMP\FFTW-3.3.2\FFTW-3.3-LIBS\LIBFFTWF-3.3\RELEASE\KERNEL\OPS.OBJ
C:\TEMP\FFTW-3.3.2\FFTW-3.3-LIBS\LIBFFTWF-3.3\RELEASE\KERNEL\PICKDIM.OBJ
C:\TEMP\FFTW-3.3.2\FFTW-3.3-LIBS\LIBFFTWF-3.3\RELEASE\KERNEL\PLAN.OBJ
C:\TEMP\FFTW-3.3.2\FFTW-3.3-LIBS\LIBFFTWF-3.3\RELEASE\KERNEL\PLANNER.OBJ
C:\TEMP\FFTW-3.3.2\FFTW-3.3-LIBS\LIBFFTWF-3.3\RELEASE\KERNEL\PRIMES.OBJ
C:\TEMP\FFTW-3.3.2\FFTW-3.3-LIBS\LIBFFTWF-3.3\RELEASE\KERNEL\PRINT.OBJ
C:\TEMP\FFTW-3.3.2\FFTW-3.3-LIBS\LIBFFTWF-3.3\RELEASE\KERNEL\PROBLEM.OBJ
C:\TEMP\FFTW-3.3.2\FFTW-3.3-LIBS\LIBFFTWF-3.3\RELEASE\KERNEL\RADER.OBJ
C:\TEMP\FFTW-3.3.2\FFTW-3.3-LIBS\LIBFFTWF-3.3\RELEASE\KERNEL\SCAN.OBJ
C:\TEMP\FFTW-3.3.2\FFTW-3.3-LIBS\LIBFFTWF-3.3\RELEASE\KERNEL\SOLVER.OBJ
C:\TEMP\FFTW-3.3.2\FFTW-3.3-LIBS\LIBFFTWF-3.3\RELEASE\KERNEL\SOLVTAB.OBJ
C:\TEMP\FFTW-3.3.2\FFTW-3.3-LIBS\LIBFFTWF-3.3\RELEASE\KERNEL\STRIDE.OBJ
C:\TEMP\FFTW-3.3.2\FFTW-3.3-LIBS\LIBFFTWF-3.3\RELEASE\KERNEL\TENSOR.OBJ
C:\TEMP\FFTW-3.3.2\FFTW-3.3-LIBS\LIBFFTWF-3.3\RELEASE\KERNEL\TENSOR1.OBJ
C:\TEMP\FFTW-3.3.2\FFTW-3.3-LIBS\LIBFFTWF-3.3\RELEASE\KERNEL\TENSOR2.OBJ
C:\TEMP\FFTW-3.3.2\FFTW-3.3-LIBS\LIBFFTWF-3.3\RELEASE\KERNEL\TENSOR3.OBJ
C:\TEMP\FFTW-3.3.2\FFTW-3.3-LIBS\LIBFFTWF-3.3\RELEASE\KERNEL\TENSOR4.OBJ
C:\TEMP\FFTW-3.3.2\FFTW-3.3-LIBS\LIBFFTWF-3.3\RELEASE\KERNEL\TENSOR5.OBJ
C:\TEMP\FFTW-3.3.2\FFTW-3.3-LIBS\LIBFFTWF-3.3\RELEASE\KERNEL\TENSOR7.OBJ
C:\TEMP\FFTW-3.3.2\FFTW-3.3-LIBS\LIBFFTWF-3.3\RELEASE\KERNEL\TENSOR8.OBJ
C:\TEMP\FFTW-3.3.2\FFTW-3.3-LIBS\LIBFFTWF-3.3\RELEASE\KERNEL\TENSOR9.OBJ
C:\TEMP\FFTW-3.3.2\FFTW-3.3-LIBS\LIBFFTWF-3.3\RELEASE\KERNEL\TILE2D.OBJ
C:\TEMP\FFTW-3.3.2\FFTW-3.3-LIBS\LIBFFTWF-3.3\RELEASE\KERNEL\TIMER.OBJ
C:\TEMP\FFTW-3.3.2\FFTW-3.3-LIBS\LIBFFTWF-3.3\RELEASE\KERNEL\TRANSPOSE.OBJ
C:\TEMP\FFTW-3.3.2\FFTW-3.3-LIBS\LIBFFTWF-3.3\RELEASE\KERNEL\TRIG.OBJ
C:\TEMP\FFTW-3.3.2\FFTW-3.3-LIBS\LIBFFTWF-3.3\RELEASE\KERNEL\TWIDDLE.OBJ
C:\TEMP\FFTW-3.3.2\FFTW-3.3-LIBS\LIBFFTWF-3.3\RELEASE\LIBFFTWF-3.3.DLL.INTERMEDIATE.MANIFEST
C:\temp\fftw-3.3.2\fftw-3.3-libs\libfftwf-3.3\Release\libfftwf-3.3.write.1.tlog
C:\temp\fftw-3.3.2\fftw-3.3-libs\libfftwf-3.3\Release\link.command.1.tlog
C:\temp\fftw-3.3.2\fftw-3.3-libs\libfftwf-3.3\Release\link.read.1.tlog
C:\temp\fftw-3.3.2\fftw-3.3-libs\libfftwf-3.3\Release\link.write.1.tlog
C:\temp\fftw-3.3.2\fftw-3.3-libs\libfftwf-3.3\Release\mt.command.1.tlog
C:\temp\fftw-3.3.2\fftw-3.3-libs\libfftwf-3.3\Release\mt.read.1.tlog
C:\temp\fftw-3.3.2\fftw-3.3-libs\libfftwf-3.3\Release\mt.write.1.tlog
C:\TEMP\FFTW-3.3.2\FFTW-3.3-LIBS\LIBFFTWF-3.3\RELEASE\RDFT\BUFFERED.OBJ
C:\TEMP\FFTW-3.3.2\FFTW-3.3-LIBS\LIBFFTWF-3.3\RELEASE\RDFT\BUFFERED2.OBJ
C:\TEMP\FFTW-3.3.2\FFTW-3.3-LIBS\LIBFFTWF-3.3\RELEASE\RDFT\CONF.OBJ
C:\TEMP\FFTW-3.3.2\FFTW-3.3-LIBS\LIBFFTWF-3.3\RELEASE\RDFT\CT-HC2C.OBJ
C:\TEMP\FFTW-3.3.2\FFTW-3.3-LIBS\LIBFFTWF-3.3\RELEASE\RDFT\CT-HC2C-DIRECT.OBJ
C:\TEMP\FFTW-3.3.2\FFTW-3.3-LIBS\LIBFFTWF-3.3\RELEASE\RDFT\DFT-R2HC.OBJ
C:\TEMP\FFTW-3.3.2\FFTW-3.3-LIBS\LIBFFTWF-3.3\RELEASE\RDFT\DHT-R2HC.OBJ
C:\TEMP\FFTW-3.3.2\FFTW-3.3-LIBS\LIBFFTWF-3.3\RELEASE\RDFT\DHT-RADER.OBJ
C:\TEMP\FFTW-3.3.2\FFTW-3.3-LIBS\LIBFFTWF-3.3\RELEASE\RDFT\DIRECT2.OBJ
C:\TEMP\FFTW-3.3.2\FFTW-3.3-LIBS\LIBFFTWF-3.3\RELEASE\RDFT\DIRECT-R2C.OBJ
C:\TEMP\FFTW-3.3.2\FFTW-3.3-LIBS\LIBFFTWF-3.3\RELEASE\RDFT\DIRECT-R2R.OBJ
C:\TEMP\FFTW-3.3.2\FFTW-3.3-LIBS\LIBFFTWF-3.3\RELEASE\RDFT\GENERIC.OBJ
C:\TEMP\FFTW-3.3.2\FFTW-3.3-LIBS\LIBFFTWF-3.3\RELEASE\RDFT\HC2HC.OBJ
C:\TEMP\FFTW-3.3.2\FFTW-3.3-LIBS\LIBFFTWF-3.3\RELEASE\RDFT\HC2HC-DIRECT.OBJ
C:\TEMP\FFTW-3.3.2\FFTW-3.3-LIBS\LIBFFTWF-3.3\RELEASE\RDFT\HC2HC-GENERIC.OBJ
C:\TEMP\FFTW-3.3.2\FFTW-3.3-LIBS\LIBFFTWF-3.3\RELEASE\RDFT\INDIRECT.OBJ
C:\TEMP\FFTW-3.3.2\FFTW-3.3-LIBS\LIBFFTWF-3.3\RELEASE\RDFT\KHC2C.OBJ
C:\TEMP\FFTW-3.3.2\FFTW-3.3-LIBS\LIBFFTWF-3.3\RELEASE\RDFT\KHC2HC.OBJ
C:\TEMP\FFTW-3.3.2\FFTW-3.3-LIBS\LIBFFTWF-3.3\RELEASE\RDFT\KR2C.OBJ
C:\TEMP\FFTW-3.3.2\FFTW-3.3-LIBS\LIBFFTWF-3.3\RELEASE\RDFT\KR2R.OBJ
C:\TEMP\FFTW-3.3.2\FFTW-3.3-LIBS\LIBFFTWF-3.3\RELEASE\RDFT\NOP.OBJ
C:\TEMP\FFTW-3.3.2\FFTW-3.3-LIBS\LIBFFTWF-3.3\RELEASE\RDFT\NOP2.OBJ
C:\TEMP\FFTW-3.3.2\FFTW-3.3-LIBS\LIBFFTWF-3.3\RELEASE\RDFT\PLAN.OBJ
C:\TEMP\FFTW-3.3.2\FFTW-3.3-LIBS\LIBFFTWF-3.3\RELEASE\RDFT\PLAN2.OBJ
C:\TEMP\FFTW-3.3.2\FFTW-3.3-LIBS\LIBFFTWF-3.3\RELEASE\RDFT\PROBLEM.OBJ
C:\TEMP\FFTW-3.3.2\FFTW-3.3-LIBS\LIBFFTWF-3.3\RELEASE\RDFT\PROBLEM2.OBJ
C:\TEMP\FFTW-3.3.2\FFTW-3.3-LIBS\LIBFFTWF-3.3\RELEASE\RDFT\RANK0.OBJ
C:\TEMP\FFTW-3.3.2\FFTW-3.3-LIBS\LIBFFTWF-3.3\RELEASE\RDFT\RANK0-RDFT2.OBJ
C:\TEMP\FFTW-3.3.2\FFTW-3.3-LIBS\LIBFFTWF-3.3\RELEASE\RDFT\RANK-GEQ2.OBJ
C:\TEMP\FFTW-3.3.2\FFTW-3.3-LIBS\LIBFFTWF-3.3\RELEASE\RDFT\RANK-GEQ2-RDFT2.OBJ
C:\TEMP\FFTW-3.3.2\FFTW-3.3-LIBS\LIBFFTWF-3.3\RELEASE\RDFT\RDFT2-INPLACE-STRIDES.OBJ
C:\TEMP\FFTW-3.3.2\FFTW-3.3-LIBS\LIBFFTWF-3.3\RELEASE\RDFT\RDFT2-RDFT.OBJ
C:\TEMP\FFTW-3.3.2\FFTW-3.3-LIBS\LIBFFTWF-3.3\RELEASE\RDFT\RDFT2-STRIDES.OBJ
C:\TEMP\FFTW-3.3.2\FFTW-3.3-LIBS\LIBFFTWF-3.3\RELEASE\RDFT\RDFT2-TENSOR-MAX-INDEX.OBJ
C:\TEMP\FFTW-3.3.2\FFTW-3.3-LIBS\LIBFFTWF-3.3\RELEASE\RDFT\RDFT-DHT.OBJ
C:\TEMP\FFTW-3.3.2\FFTW-3.3-LIBS\LIBFFTWF-3.3\RELEASE\RDFT\SCALAR\HC2C.OBJ
C:\TEMP\FFTW-3.3.2\FFTW-3.3-LIBS\LIBFFTWF-3.3\RELEASE\RDFT\SCALAR\HFB.OBJ
C:\TEMP\FFTW-3.3.2\FFTW-3.3-LIBS\LIBFFTWF-3.3\RELEASE\RDFT\SCALAR\R2C.OBJ
C:\TEMP\FFTW-3.3.2\FFTW-3.3-LIBS\LIBFFTWF-3.3\RELEASE\RDFT\SCALAR\R2CB\CODLIST.OBJ
C:\TEMP\FFTW-3.3.2\FFTW-3.3-LIBS\LIBFFTWF-3.3\RELEASE\RDFT\SCALAR\R2CB\HB_10.OBJ
C:\TEMP\FFTW-3.3.2\FFTW-3.3-LIBS\LIBFFTWF-3.3\RELEASE\RDFT\SCALAR\R2CB\HB_12.OBJ
C:\TEMP\FFTW-3.3.2\FFTW-3.3-LIBS\LIBFFTWF-3.3\RELEASE\RDFT\SCALAR\R2CB\HB_15.OBJ
C:\TEMP\FFTW-3.3.2\FFTW-3.3-LIBS\LIBFFTWF-3.3\RELEASE\RDFT\SCALAR\R2CB\HB_16.OBJ
C:\TEMP\FFTW-3.3.2\FFTW-3.3-LIBS\LIBFFTWF-3.3\RELEASE\RDFT\SCALAR\R2CB\HB_2.OBJ
C:\TEMP\FFTW-3.3.2\FFTW-3.3-LIBS\LIBFFTWF-3.3\RELEASE\RDFT\SCALAR\R2CB\HB_20.OBJ
C:\TEMP\FFTW-3.3.2\FFTW-3.3-LIBS\LIBFFTWF-3.3\RELEASE\RDFT\SCALAR\R2CB\HB_25.OBJ
C:\TEMP\FFTW-3.3.2\FFTW-3.3-LIBS\LIBFFTWF-3.3\RELEASE\RDFT\SCALAR\R2CB\HB_3.OBJ
C:\TEMP\FFTW-3.3.2\FFTW-3.3-LIBS\LIBFFTWF-3.3\RELEASE\RDFT\SCALAR\R2CB\HB_32.OBJ
C:\TEMP\FFTW-3.3.2\FFTW-3.3-LIBS\LIBFFTWF-3.3\RELEASE\RDFT\SCALAR\R2CB\HB_4.OBJ
C:\TEMP\FFTW-3.3.2\FFTW-3.3-LIBS\LIBFFTWF-3.3\RELEASE\RDFT\SCALAR\R2CB\HB_5.OBJ
C:\TEMP\FFTW-3.3.2\FFTW-3.3-LIBS\LIBFFTWF-3.3\RELEASE\RDFT\SCALAR\R2CB\HB_6.OBJ
C:\TEMP\FFTW-3.3.2\FFTW-3.3-LIBS\LIBFFTWF-3.3\RELEASE\RDFT\SCALAR\R2CB\HB_64.OBJ
C:\TEMP\FFTW-3.3.2\FFTW-3.3-LIBS\LIBFFTWF-3.3\RELEASE\RDFT\SCALAR\R2CB\HB_7.OBJ
C:\TEMP\FFTW-3.3.2\FFTW-3.3-LIBS\LIBFFTWF-3.3\RELEASE\RDFT\SCALAR\R2CB\HB_8.OBJ
C:\TEMP\FFTW-3.3.2\FFTW-3.3-LIBS\LIBFFTWF-3.3\RELEASE\RDFT\SCALAR\R2CB\HB_9.OBJ
C:\TEMP\FFTW-3.3.2\FFTW-3.3-LIBS\LIBFFTWF-3.3\RELEASE\RDFT\SCALAR\R2CB\HB2_16.OBJ
C:\TEMP\FFTW-3.3.2\FFTW-3.3-LIBS\LIBFFTWF-3.3\RELEASE\RDFT\SCALAR\R2CB\HB2_20.OBJ
C:\TEMP\FFTW-3.3.2\FFTW-3.3-LIBS\LIBFFTWF-3.3\RELEASE\RDFT\SCALAR\R2CB\HB2_25.OBJ
C:\TEMP\FFTW-3.3.2\FFTW-3.3-LIBS\LIBFFTWF-3.3\RELEASE\RDFT\SCALAR\R2CB\HB2_32.OBJ
C:\TEMP\FFTW-3.3.2\FFTW-3.3-LIBS\LIBFFTWF-3.3\RELEASE\RDFT\SCALAR\R2CB\HB2_4.OBJ
C:\TEMP\FFTW-3.3.2\FFTW-3.3-LIBS\LIBFFTWF-3.3\RELEASE\RDFT\SCALAR\R2CB\HB2_5.OBJ
C:\TEMP\FFTW-3.3.2\FFTW-3.3-LIBS\LIBFFTWF-3.3\RELEASE\RDFT\SCALAR\R2CB\HB2_8.OBJ
C:\TEMP\FFTW-3.3.2\FFTW-3.3-LIBS\LIBFFTWF-3.3\RELEASE\RDFT\SCALAR\R2CB\HC2CB_10.OBJ
C:\TEMP\FFTW-3.3.2\FFTW-3.3-LIBS\LIBFFTWF-3.3\RELEASE\RDFT\SCALAR\R2CB\HC2CB_12.OBJ
C:\TEMP\FFTW-3.3.2\FFTW-3.3-LIBS\LIBFFTWF-3.3\RELEASE\RDFT\SCALAR\R2CB\HC2CB_16.OBJ
C:\TEMP\FFTW-3.3.2\FFTW-3.3-LIBS\LIBFFTWF-3.3\RELEASE\RDFT\SCALAR\R2CB\HC2CB_2.OBJ
C:\TEMP\FFTW-3.3.2\FFTW-3.3-LIBS\LIBFFTWF-3.3\RELEASE\RDFT\SCALAR\R2CB\HC2CB_20.OBJ
C:\TEMP\FFTW-3.3.2\FFTW-3.3-LIBS\LIBFFTWF-3.3\RELEASE\RDFT\SCALAR\R2CB\HC2CB_32.OBJ
C:\TEMP\FFTW-3.3.2\FFTW-3.3-LIBS\LIBFFTWF-3.3\RELEASE\RDFT\SCALAR\R2CB\HC2CB_4.OBJ
C:\TEMP\FFTW-3.3.2\FFTW-3.3-LIBS\LIBFFTWF-3.3\RELEASE\RDFT\SCALAR\R2CB\HC2CB_6.OBJ
C:\TEMP\FFTW-3.3.2\FFTW-3.3-LIBS\LIBFFTWF-3.3\RELEASE\RDFT\SCALAR\R2CB\HC2CB_8.OBJ
C:\TEMP\FFTW-3.3.2\FFTW-3.3-LIBS\LIBFFTWF-3.3\RELEASE\RDFT\SCALAR\R2CB\HC2CB2_16.OBJ
C:\TEMP\FFTW-3.3.2\FFTW-3.3-LIBS\LIBFFTWF-3.3\RELEASE\RDFT\SCALAR\R2CB\HC2CB2_20.OBJ
C:\TEMP\FFTW-3.3.2\FFTW-3.3-LIBS\LIBFFTWF-3.3\RELEASE\RDFT\SCALAR\R2CB\HC2CB2_32.OBJ
C:\TEMP\FFTW-3.3.2\FFTW-3.3-LIBS\LIBFFTWF-3.3\RELEASE\RDFT\SCALAR\R2CB\HC2CB2_4.OBJ
C:\TEMP\FFTW-3.3.2\FFTW-3.3-LIBS\LIBFFTWF-3.3\RELEASE\RDFT\SCALAR\R2CB\HC2CB2_8.OBJ
C:\TEMP\FFTW-3.3.2\FFTW-3.3-LIBS\LIBFFTWF-3.3\RELEASE\RDFT\SCALAR\R2CB\HC2CBDFT_10.OBJ
C:\TEMP\FFTW-3.3.2\FFTW-3.3-LIBS\LIBFFTWF-3.3\RELEASE\RDFT\SCALAR\R2CB\HC2CBDFT_12.OBJ
C:\TEMP\FFTW-3.3.2\FFTW-3.3-LIBS\LIBFFTWF-3.3\RELEASE\RDFT\SCALAR\R2CB\HC2CBDFT_16.OBJ
C:\TEMP\FFTW-3.3.2\FFTW-3.3-LIBS\LIBFFTWF-3.3\RELEASE\RDFT\SCALAR\R2CB\HC2CBDFT_2.OBJ
C:\TEMP\FFTW-3.3.2\FFTW-3.3-LIBS\LIBFFTWF-3.3\RELEASE\RDFT\SCALAR\R2CB\HC2CBDFT_20.OBJ
C:\TEMP\FFTW-3.3.2\FFTW-3.3-LIBS\LIBFFTWF-3.3\RELEASE\RDFT\SCALAR\R2CB\HC2CBDFT_32.OBJ
C:\TEMP\FFTW-3.3.2\FFTW-3.3-LIBS\LIBFFTWF-3.3\RELEASE\RDFT\SCALAR\R2CB\HC2CBDFT_4.OBJ
C:\TEMP\FFTW-3.3.2\FFTW-3.3-LIBS\LIBFFTWF-3.3\RELEASE\RDFT\SCALAR\R2CB\HC2CBDFT_6.OBJ
C:\TEMP\FFTW-3.3.2\FFTW-3.3-LIBS\LIBFFTWF-3.3\RELEASE\RDFT\SCALAR\R2CB\HC2CBDFT_8.OBJ
C:\TEMP\FFTW-3.3.2\FFTW-3.3-LIBS\LIBFFTWF-3.3\RELEASE\RDFT\SCALAR\R2CB\HC2CBDFT2_16.OBJ
C:\TEMP\FFTW-3.3.2\FFTW-3.3-LIBS\LIBFFTWF-3.3\RELEASE\RDFT\SCALAR\R2CB\HC2CBDFT2_20.OBJ
C:\TEMP\FFTW-3.3.2\FFTW-3.3-LIBS\LIBFFTWF-3.3\RELEASE\RDFT\SCALAR\R2CB\HC2CBDFT2_32.OBJ
C:\TEMP\FFTW-3.3.2\FFTW-3.3-LIBS\LIBFFTWF-3.3\RELEASE\RDFT\SCALAR\R2CB\HC2CBDFT2_4.OBJ
C:\TEMP\FFTW-3.3.2\FFTW-3.3-LIBS\LIBFFTWF-3.3\RELEASE\RDFT\SCALAR\R2CB\HC2CBDFT2_8.OBJ
C:\TEMP\FFTW-3.3.2\FFTW-3.3-LIBS\LIBFFTWF-3.3\RELEASE\RDFT\SCALAR\R2CB\R2CB_10.OBJ
C:\TEMP\FFTW-3.3.2\FFTW-3.3-LIBS\LIBFFTWF-3.3\RELEASE\RDFT\SCALAR\R2CB\R2CB_11.OBJ
C:\TEMP\FFTW-3.3.2\FFTW-3.3-LIBS\LIBFFTWF-3.3\RELEASE\RDFT\SCALAR\R2CB\R2CB_12.OBJ
C:\TEMP\FFTW-3.3.2\FFTW-3.3-LIBS\LIBFFTWF-3.3\RELEASE\RDFT\SCALAR\R2CB\R2CB_128.OBJ
C:\TEMP\FFTW-3.3.2\FFTW-3.3-LIBS\LIBFFTWF-3.3\RELEASE\RDFT\SCALAR\R2CB\R2CB_13.OBJ
C:\TEMP\FFTW-3.3.2\FFTW-3.3-LIBS\LIBFFTWF-3.3\RELEASE\RDFT\SCALAR\R2CB\R2CB_14.OBJ
C:\TEMP\FFTW-3.3.2\FFTW-3.3-LIBS\LIBFFTWF-3.3\RELEASE\RDFT\SCALAR\R2CB\R2CB_15.OBJ
C:\TEMP\FFTW-3.3.2\FFTW-3.3-LIBS\LIBFFTWF-3.3\RELEASE\RDFT\SCALAR\R2CB\R2CB_16.OBJ
C:\TEMP\FFTW-3.3.2\FFTW-3.3-LIBS\LIBFFTWF-3.3\RELEASE\RDFT\SCALAR\R2CB\R2CB_2.OBJ
C:\TEMP\FFTW-3.3.2\FFTW-3.3-LIBS\LIBFFTWF-3.3\RELEASE\RDFT\SCALAR\R2CB\R2CB_20.OBJ
C:\TEMP\FFTW-3.3.2\FFTW-3.3-LIBS\LIBFFTWF-3.3\RELEASE\RDFT\SCALAR\R2CB\R2CB_25.OBJ
C:\TEMP\FFTW-3.3.2\FFTW-3.3-LIBS\LIBFFTWF-3.3\RELEASE\RDFT\SCALAR\R2CB\R2CB_3.OBJ
C:\TEMP\FFTW-3.3.2\FFTW-3.3-LIBS\LIBFFTWF-3.3\RELEASE\RDFT\SCALAR\R2CB\R2CB_32.OBJ
C:\TEMP\FFTW-3.3.2\FFTW-3.3-LIBS\LIBFFTWF-3.3\RELEASE\RDFT\SCALAR\R2CB\R2CB_4.OBJ
C:\TEMP\FFTW-3.3.2\FFTW-3.3-LIBS\LIBFFTWF-3.3\RELEASE\RDFT\SCALAR\R2CB\R2CB_5.OBJ
C:\TEMP\FFTW-3.3.2\FFTW-3.3-LIBS\LIBFFTWF-3.3\RELEASE\RDFT\SCALAR\R2CB\R2CB_6.OBJ
C:\TEMP\FFTW-3.3.2\FFTW-3.3-LIBS\LIBFFTWF-3.3\RELEASE\RDFT\SCALAR\R2CB\R2CB_64.OBJ
C:\TEMP\FFTW-3.3.2\FFTW-3.3-LIBS\LIBFFTWF-3.3\RELEASE\RDFT\SCALAR\R2CB\R2CB_7.OBJ
C:\TEMP\FFTW-3.3.2\FFTW-3.3-LIBS\LIBFFTWF-3.3\RELEASE\RDFT\SCALAR\R2CB\R2CB_8.OBJ
C:\TEMP\FFTW-3.3.2\FFTW-3.3-LIBS\LIBFFTWF-3.3\RELEASE\RDFT\SCALAR\R2CB\R2CB_9.OBJ
C:\TEMP\FFTW-3.3.2\FFTW-3.3-LIBS\LIBFFTWF-3.3\RELEASE\RDFT\SCALAR\R2CB\R2CBIII_10.OBJ
C:\TEMP\FFTW-3.3.2\FFTW-3.3-LIBS\LIBFFTWF-3.3\RELEASE\RDFT\SCALAR\R2CB\R2CBIII_12.OBJ
C:\TEMP\FFTW-3.3.2\FFTW-3.3-LIBS\LIBFFTWF-3.3\RELEASE\RDFT\SCALAR\R2CB\R2CBIII_15.OBJ
C:\TEMP\FFTW-3.3.2\FFTW-3.3-LIBS\LIBFFTWF-3.3\RELEASE\RDFT\SCALAR\R2CB\R2CBIII_16.OBJ
C:\TEMP\FFTW-3.3.2\FFTW-3.3-LIBS\LIBFFTWF-3.3\RELEASE\RDFT\SCALAR\R2CB\R2CBIII_2.OBJ
C:\TEMP\FFTW-3.3.2\FFTW-3.3-LIBS\LIBFFTWF-3.3\RELEASE\RDFT\SCALAR\R2CB\R2CBIII_20.OBJ
C:\TEMP\FFTW-3.3.2\FFTW-3.3-LIBS\LIBFFTWF-3.3\RELEASE\RDFT\SCALAR\R2CB\R2CBIII_25.OBJ
C:\TEMP\FFTW-3.3.2\FFTW-3.3-LIBS\LIBFFTWF-3.3\RELEASE\RDFT\SCALAR\R2CB\R2CBIII_3.OBJ
C:\TEMP\FFTW-3.3.2\FFTW-3.3-LIBS\LIBFFTWF-3.3\RELEASE\RDFT\SCALAR\R2CB\R2CBIII_32.OBJ
C:\TEMP\FFTW-3.3.2\FFTW-3.3-LIBS\LIBFFTWF-3.3\RELEASE\RDFT\SCALAR\R2CB\R2CBIII_4.OBJ
C:\TEMP\FFTW-3.3.2\FFTW-3.3-LIBS\LIBFFTWF-3.3\RELEASE\RDFT\SCALAR\R2CB\R2CBIII_5.OBJ
C:\TEMP\FFTW-3.3.2\FFTW-3.3-LIBS\LIBFFTWF-3.3\RELEASE\RDFT\SCALAR\R2CB\R2CBIII_6.OBJ
C:\TEMP\FFTW-3.3.2\FFTW-3.3-LIBS\LIBFFTWF-3.3\RELEASE\RDFT\SCALAR\R2CB\R2CBIII_64.OBJ
C:\TEMP\FFTW-3.3.2\FFTW-3.3-LIBS\LIBFFTWF-3.3\RELEASE\RDFT\SCALAR\R2CB\R2CBIII_7.OBJ
C:\TEMP\FFTW-3.3.2\FFTW-3.3-LIBS\LIBFFTWF-3.3\RELEASE\RDFT\SCALAR\R2CB\R2CBIII_8.OBJ
C:\TEMP\FFTW-3.3.2\FFTW-3.3-LIBS\LIBFFTWF-3.3\RELEASE\RDFT\SCALAR\R2CB\R2CBIII_9.OBJ
C:\TEMP\FFTW-3.3.2\FFTW-3.3-LIBS\LIBFFTWF-3.3\RELEASE\RDFT\SCALAR\R2CF\CODLIST.OBJ
C:\TEMP\FFTW-3.3.2\FFTW-3.3-LIBS\LIBFFTWF-3.3\RELEASE\RDFT\SCALAR\R2CF\HC2CF_10.OBJ
C:\TEMP\FFTW-3.3.2\FFTW-3.3-LIBS\LIBFFTWF-3.3\RELEASE\RDFT\SCALAR\R2CF\HC2CF_12.OBJ
C:\TEMP\FFTW-3.3.2\FFTW-3.3-LIBS\LIBFFTWF-3.3\RELEASE\RDFT\SCALAR\R2CF\HC2CF_16.OBJ
C:\TEMP\FFTW-3.3.2\FFTW-3.3-LIBS\LIBFFTWF-3.3\RELEASE\RDFT\SCALAR\R2CF\HC2CF_2.OBJ
C:\TEMP\FFTW-3.3.2\FFTW-3.3-LIBS\LIBFFTWF-3.3\RELEASE\RDFT\SCALAR\R2CF\HC2CF_20.OBJ
C:\TEMP\FFTW-3.3.2\FFTW-3.3-LIBS\LIBFFTWF-3.3\RELEASE\RDFT\SCALAR\R2CF\HC2CF_32.OBJ
C:\TEMP\FFTW-3.3.2\FFTW-3.3-LIBS\LIBFFTWF-3.3\RELEASE\RDFT\SCALAR\R2CF\HC2CF_4.OBJ
C:\TEMP\FFTW-3.3.2\FFTW-3.3-LIBS\LIBFFTWF-3.3\RELEASE\RDFT\SCALAR\R2CF\HC2CF_6.OBJ
C:\TEMP\FFTW-3.3.2\FFTW-3.3-LIBS\LIBFFTWF-3.3\RELEASE\RDFT\SCALAR\R2CF\HC2CF_8.OBJ
C:\TEMP\FFTW-3.3.2\FFTW-3.3-LIBS\LIBFFTWF-3.3\RELEASE\RDFT\SCALAR\R2CF\HC2CF2_16.OBJ
C:\TEMP\FFTW-3.3.2\FFTW-3.3-LIBS\LIBFFTWF-3.3\RELEASE\RDFT\SCALAR\R2CF\HC2CF2_20.OBJ
C:\TEMP\FFTW-3.3.2\FFTW-3.3-LIBS\LIBFFTWF-3.3\RELEASE\RDFT\SCALAR\R2CF\HC2CF2_32.OBJ
C:\TEMP\FFTW-3.3.2\FFTW-3.3-LIBS\LIBFFTWF-3.3\RELEASE\RDFT\SCALAR\R2CF\HC2CF2_4.OBJ
C:\TEMP\FFTW-3.3.2\FFTW-3.3-LIBS\LIBFFTWF-3.3\RELEASE\RDFT\SCALAR\R2CF\HC2CF2_8.OBJ
C:\TEMP\FFTW-3.3.2\FFTW-3.3-LIBS\LIBFFTWF-3.3\RELEASE\RDFT\SCALAR\R2CF\HC2CFDFT_10.OBJ
C:\TEMP\FFTW-3.3.2\FFTW-3.3-LIBS\LIBFFTWF-3.3\RELEASE\RDFT\SCALAR\R2CF\HC2CFDFT_12.OBJ
C:\TEMP\FFTW-3.3.2\FFTW-3.3-LIBS\LIBFFTWF-3.3\RELEASE\RDFT\SCALAR\R2CF\HC2CFDFT_16.OBJ
C:\TEMP\FFTW-3.3.2\FFTW-3.3-LIBS\LIBFFTWF-3.3\RELEASE\RDFT\SCALAR\R2CF\HC2CFDFT_2.OBJ
C:\TEMP\FFTW-3.3.2\FFTW-3.3-LIBS\LIBFFTWF-3.3\RELEASE\RDFT\SCALAR\R2CF\HC2CFDFT_20.OBJ
C:\TEMP\FFTW-3.3.2\FFTW-3.3-LIBS\LIBFFTWF-3.3\RELEASE\RDFT\SCALAR\R2CF\HC2CFDFT_32.OBJ
C:\TEMP\FFTW-3.3.2\FFTW-3.3-LIBS\LIBFFTWF-3.3\RELEASE\RDFT\SCALAR\R2CF\HC2CFDFT_4.OBJ
C:\TEMP\FFTW-3.3.2\FFTW-3.3-LIBS\LIBFFTWF-3.3\RELEASE\RDFT\SCALAR\R2CF\HC2CFDFT_6.OBJ
C:\TEMP\FFTW-3.3.2\FFTW-3.3-LIBS\LIBFFTWF-3.3\RELEASE\RDFT\SCALAR\R2CF\HC2CFDFT_8.OBJ
C:\TEMP\FFTW-3.3.2\FFTW-3.3-LIBS\LIBFFTWF-3.3\RELEASE\RDFT\SCALAR\R2CF\HC2CFDFT2_16.OBJ
C:\TEMP\FFTW-3.3.2\FFTW-3.3-LIBS\LIBFFTWF-3.3\RELEASE\RDFT\SCALAR\R2CF\HC2CFDFT2_20.OBJ
C:\TEMP\FFTW-3.3.2\FFTW-3.3-LIBS\LIBFFTWF-3.3\RELEASE\RDFT\SCALAR\R2CF\HC2CFDFT2_32.OBJ
C:\TEMP\FFTW-3.3.2\FFTW-3.3-LIBS\LIBFFTWF-3.3\RELEASE\RDFT\SCALAR\R2CF\HC2CFDFT2_4.OBJ
C:\TEMP\FFTW-3.3.2\FFTW-3.3-LIBS\LIBFFTWF-3.3\RELEASE\RDFT\SCALAR\R2CF\HC2CFDFT2_8.OBJ
C:\TEMP\FFTW-3.3.2\FFTW-3.3-LIBS\LIBFFTWF-3.3\RELEASE\RDFT\SCALAR\R2CF\HF_10.OBJ
C:\TEMP\FFTW-3.3.2\FFTW-3.3-LIBS\LIBFFTWF-3.3\RELEASE\RDFT\SCALAR\R2CF\HF_12.OBJ
C:\TEMP\FFTW-3.3.2\FFTW-3.3-LIBS\LIBFFTWF-3.3\RELEASE\RDFT\SCALAR\R2CF\HF_15.OBJ
C:\TEMP\FFTW-3.3.2\FFTW-3.3-LIBS\LIBFFTWF-3.3\RELEASE\RDFT\SCALAR\R2CF\HF_16.OBJ
C:\TEMP\FFTW-3.3.2\FFTW-3.3-LIBS\LIBFFTWF-3.3\RELEASE\RDFT\SCALAR\R2CF\HF_2.OBJ
C:\TEMP\FFTW-3.3.2\FFTW-3.3-LIBS\LIBFFTWF-3.3\RELEASE\RDFT\SCALAR\R2CF\HF_20.OBJ
C:\TEMP\FFTW-3.3.2\FFTW-3.3-LIBS\LIBFFTWF-3.3\RELEASE\RDFT\SCALAR\R2CF\HF_25.OBJ
C:\TEMP\FFTW-3.3.2\FFTW-3.3-LIBS\LIBFFTWF-3.3\RELEASE\RDFT\SCALAR\R2CF\HF_3.OBJ
C:\TEMP\FFTW-3.3.2\FFTW-3.3-LIBS\LIBFFTWF-3.3\RELEASE\RDFT\SCALAR\R2CF\HF_32.OBJ
C:\TEMP\FFTW-3.3.2\FFTW-3.3-LIBS\LIBFFTWF-3.3\RELEASE\RDFT\SCALAR\R2CF\HF_4.OBJ
C:\TEMP\FFTW-3.3.2\FFTW-3.3-LIBS\LIBFFTWF-3.3\RELEASE\RDFT\SCALAR\R2CF\HF_5.OBJ
C:\TEMP\FFTW-3.3.2\FFTW-3.3-LIBS\LIBFFTWF-3.3\RELEASE\RDFT\SCALAR\R2CF\HF_6.OBJ
C:\TEMP\FFTW-3.3.2\FFTW-3.3-LIBS\LIBFFTWF-3.3\RELEASE\RDFT\SCALAR\R2CF\HF_64.OBJ
C:\TEMP\FFTW-3.3.2\FFTW-3.3-LIBS\LIBFFTWF-3.3\RELEASE\RDFT\SCALAR\R2CF\HF_7.OBJ
C:\TEMP\FFTW-3.3.2\FFTW-3.3-LIBS\LIBFFTWF-3.3\RELEASE\RDFT\SCALAR\R2CF\HF_8.OBJ
C:\TEMP\FFTW-3.3.2\FFTW-3.3-LIBS\LIBFFTWF-3.3\RELEASE\RDFT\SCALAR\R2CF\HF_9.OBJ
C:\TEMP\FFTW-3.3.2\FFTW-3.3-LIBS\LIBFFTWF-3.3\RELEASE\RDFT\SCALAR\R2CF\HF2_16.OBJ
C:\TEMP\FFTW-3.3.2\FFTW-3.3-LIBS\LIBFFTWF-3.3\RELEASE\RDFT\SCALAR\R2CF\HF2_20.OBJ
C:\TEMP\FFTW-3.3.2\FFTW-3.3-LIBS\LIBFFTWF-3.3\RELEASE\RDFT\SCALAR\R2CF\HF2_25.OBJ
C:\TEMP\FFTW-3.3.2\FFTW-3.3-LIBS\LIBFFTWF-3.3\RELEASE\RDFT\SCALAR\R2CF\HF2_32.OBJ
C:\TEMP\FFTW-3.3.2\FFTW-3.3-LIBS\LIBFFTWF-3.3\RELEASE\RDFT\SCALAR\R2CF\HF2_4.OBJ
C:\TEMP\FFTW-3.3.2\FFTW-3.3-LIBS\LIBFFTWF-3.3\RELEASE\RDFT\SCALAR\R2CF\HF2_5.OBJ
C:\TEMP\FFTW-3.3.2\FFTW-3.3-LIBS\LIBFFTWF-3.3\RELEASE\RDFT\SCALAR\R2CF\HF2_8.OBJ
C:\TEMP\FFTW-3.3.2\FFTW-3.3-LIBS\LIBFFTWF-3.3\RELEASE\RDFT\SCALAR\R2CF\R2CF_10.OBJ
C:\TEMP\FFTW-3.3.2\FFTW-3.3-LIBS\LIBFFTWF-3.3\RELEASE\RDFT\SCALAR\R2CF\R2CF_11.OBJ
C:\TEMP\FFTW-3.3.2\FFTW-3.3-LIBS\LIBFFTWF-3.3\RELEASE\RDFT\SCALAR\R2CF\R2CF_12.OBJ
C:\TEMP\FFTW-3.3.2\FFTW-3.3-LIBS\LIBFFTWF-3.3\RELEASE\RDFT\SCALAR\R2CF\R2CF_128.OBJ
C:\TEMP\FFTW-3.3.2\FFTW-3.3-LIBS\LIBFFTWF-3.3\RELEASE\RDFT\SCALAR\R2CF\R2CF_13.OBJ
C:\TEMP\FFTW-3.3.2\FFTW-3.3-LIBS\LIBFFTWF-3.3\RELEASE\RDFT\SCALAR\R2CF\R2CF_14.OBJ
C:\TEMP\FFTW-3.3.2\FFTW-3.3-LIBS\LIBFFTWF-3.3\RELEASE\RDFT\SCALAR\R2CF\R2CF_15.OBJ
C:\TEMP\FFTW-3.3.2\FFTW-3.3-LIBS\LIBFFTWF-3.3\RELEASE\RDFT\SCALAR\R2CF\R2CF_16.OBJ
C:\TEMP\FFTW-3.3.2\FFTW-3.3-LIBS\LIBFFTWF-3.3\RELEASE\RDFT\SCALAR\R2CF\R2CF_2.OBJ
C:\TEMP\FFTW-3.3.2\FFTW-3.3-LIBS\LIBFFTWF-3.3\RELEASE\RDFT\SCALAR\R2CF\R2CF_20.OBJ
C:\TEMP\FFTW-3.3.2\FFTW-3.3-LIBS\LIBFFTWF-3.3\RELEASE\RDFT\SCALAR\R2CF\R2CF_25.OBJ
C:\TEMP\FFTW-3.3.2\FFTW-3.3-LIBS\LIBFFTWF-3.3\RELEASE\RDFT\SCALAR\R2CF\R2CF_3.OBJ
C:\TEMP\FFTW-3.3.2\FFTW-3.3-LIBS\LIBFFTWF-3.3\RELEASE\RDFT\SCALAR\R2CF\R2CF_32.OBJ
C:\TEMP\FFTW-3.3.2\FFTW-3.3-LIBS\LIBFFTWF-3.3\RELEASE\RDFT\SCALAR\R2CF\R2CF_4.OBJ
C:\TEMP\FFTW-3.3.2\FFTW-3.3-LIBS\LIBFFTWF-3.3\RELEASE\RDFT\SCALAR\R2CF\R2CF_5.OBJ
C:\TEMP\FFTW-3.3.2\FFTW-3.3-LIBS\LIBFFTWF-3.3\RELEASE\RDFT\SCALAR\R2CF\R2CF_6.OBJ
C:\TEMP\FFTW-3.3.2\FFTW-3.3-LIBS\LIBFFTWF-3.3\RELEASE\RDFT\SCALAR\R2CF\R2CF_64.OBJ
C:\TEMP\FFTW-3.3.2\FFTW-3.3-LIBS\LIBFFTWF-3.3\RELEASE\RDFT\SCALAR\R2CF\R2CF_7.OBJ
C:\TEMP\FFTW-3.3.2\FFTW-3.3-LIBS\LIBFFTWF-3.3\RELEASE\RDFT\SCALAR\R2CF\R2CF_8.OBJ
C:\TEMP\FFTW-3.3.2\FFTW-3.3-LIBS\LIBFFTWF-3.3\RELEASE\RDFT\SCALAR\R2CF\R2CF_9.OBJ
C:\TEMP\FFTW-3.3.2\FFTW-3.3-LIBS\LIBFFTWF-3.3\RELEASE\RDFT\SCALAR\R2CF\R2CFII_10.OBJ
C:\TEMP\FFTW-3.3.2\FFTW-3.3-LIBS\LIBFFTWF-3.3\RELEASE\RDFT\SCALAR\R2CF\R2CFII_12.OBJ
C:\TEMP\FFTW-3.3.2\FFTW-3.3-LIBS\LIBFFTWF-3.3\RELEASE\RDFT\SCALAR\R2CF\R2CFII_15.OBJ
C:\TEMP\FFTW-3.3.2\FFTW-3.3-LIBS\LIBFFTWF-3.3\RELEASE\RDFT\SCALAR\R2CF\R2CFII_16.OBJ
C:\TEMP\FFTW-3.3.2\FFTW-3.3-LIBS\LIBFFTWF-3.3\RELEASE\RDFT\SCALAR\R2CF\R2CFII_2.OBJ
C:\TEMP\FFTW-3.3.2\FFTW-3.3-LIBS\LIBFFTWF-3.3\RELEASE\RDFT\SCALAR\R2CF\R2CFII_20.OBJ
C:\TEMP\FFTW-3.3.2\FFTW-3.3-LIBS\LIBFFTWF-3.3\RELEASE\RDFT\SCALAR\R2CF\R2CFII_25.OBJ
C:\TEMP\FFTW-3.3.2\FFTW-3.3-LIBS\LIBFFTWF-3.3\RELEASE\RDFT\SCALAR\R2CF\R2CFII_3.OBJ
C:\TEMP\FFTW-3.3.2\FFTW-3.3-LIBS\LIBFFTWF-3.3\RELEASE\RDFT\SCALAR\R2CF\R2CFII_32.OBJ
C:\TEMP\FFTW-3.3.2\FFTW-3.3-LIBS\LIBFFTWF-3.3\RELEASE\RDFT\SCALAR\R2CF\R2CFII_4.OBJ
C:\TEMP\FFTW-3.3.2\FFTW-3.3-LIBS\LIBFFTWF-3.3\RELEASE\RDFT\SCALAR\R2CF\R2CFII_5.OBJ
C:\TEMP\FFTW-3.3.2\FFTW-3.3-LIBS\LIBFFTWF-3.3\RELEASE\RDFT\SCALAR\R2CF\R2CFII_6.OBJ
C:\TEMP\FFTW-3.3.2\FFTW-3.3-LIBS\LIBFFTWF-3.3\RELEASE\RDFT\SCALAR\R2CF\R2CFII_64.OBJ
C:\TEMP\FFTW-3.3.2\FFTW-3.3-LIBS\LIBFFTWF-3.3\RELEASE\RDFT\SCALAR\R2CF\R2CFII_7.OBJ
C:\TEMP\FFTW-3.3.2\FFTW-3.3-LIBS\LIBFFTWF-3.3\RELEASE\RDFT\SCALAR\R2CF\R2CFII_8.OBJ
C:\TEMP\FFTW-3.3.2\FFTW-3.3-LIBS\LIBFFTWF-3.3\RELEASE\RDFT\SCALAR\R2CF\R2CFII_9.OBJ
C:\TEMP\FFTW-3.3.2\FFTW-3.3-LIBS\LIBFFTWF-3.3\RELEASE\RDFT\SCALAR\R2R.OBJ
C:\TEMP\FFTW-3.3.2\FFTW-3.3-LIBS\LIBFFTWF-3.3\RELEASE\RDFT\SCALAR\R2R\CODLIST.OBJ
C:\TEMP\FFTW-3.3.2\FFTW-3.3-LIBS\LIBFFTWF-3.3\RELEASE\RDFT\SCALAR\R2R\E01_8.OBJ
C:\TEMP\FFTW-3.3.2\FFTW-3.3-LIBS\LIBFFTWF-3.3\RELEASE\RDFT\SCALAR\R2R\E10_8.OBJ
C:\TEMP\FFTW-3.3.2\FFTW-3.3-LIBS\LIBFFTWF-3.3\RELEASE\RDFT\SIMD\SSE2\CODLIST.OBJ
C:\TEMP\FFTW-3.3.2\FFTW-3.3-LIBS\LIBFFTWF-3.3\RELEASE\RDFT\SIMD\SSE2\GENUS.OBJ
C:\TEMP\FFTW-3.3.2\FFTW-3.3-LIBS\LIBFFTWF-3.3\RELEASE\RDFT\SIMD\SSE2\HC2CBDFTV_10.OBJ
C:\TEMP\FFTW-3.3.2\FFTW-3.3-LIBS\LIBFFTWF-3.3\RELEASE\RDFT\SIMD\SSE2\HC2CBDFTV_12.OBJ
C:\TEMP\FFTW-3.3.2\FFTW-3.3-LIBS\LIBFFTWF-3.3\RELEASE\RDFT\SIMD\SSE2\HC2CBDFTV_16.OBJ
C:\TEMP\FFTW-3.3.2\FFTW-3.3-LIBS\LIBFFTWF-3.3\RELEASE\RDFT\SIMD\SSE2\HC2CBDFTV_2.OBJ
C:\TEMP\FFTW-3.3.2\FFTW-3.3-LIBS\LIBFFTWF-3.3\RELEASE\RDFT\SIMD\SSE2\HC2CBDFTV_20.OBJ
C:\TEMP\FFTW-3.3.2\FFTW-3.3-LIBS\LIBFFTWF-3.3\RELEASE\RDFT\SIMD\SSE2\HC2CBDFTV_32.OBJ
C:\TEMP\FFTW-3.3.2\FFTW-3.3-LIBS\LIBFFTWF-3.3\RELEASE\RDFT\SIMD\SSE2\HC2CBDFTV_4.OBJ
C:\TEMP\FFTW-3.3.2\FFTW-3.3-LIBS\LIBFFTWF-3.3\RELEASE\RDFT\SIMD\SSE2\HC2CBDFTV_6.OBJ
C:\TEMP\FFTW-3.3.2\FFTW-3.3-LIBS\LIBFFTWF-3.3\RELEASE\RDFT\SIMD\SSE2\HC2CBDFTV_8.OBJ
C:\TEMP\FFTW-3.3.2\FFTW-3.3-LIBS\LIBFFTWF-3.3\RELEASE\RDFT\SIMD\SSE2\HC2CFDFTV_10.OBJ
C:\TEMP\FFTW-3.3.2\FFTW-3.3-LIBS\LIBFFTWF-3.3\RELEASE\RDFT\SIMD\SSE2\HC2CFDFTV_12.OBJ
C:\TEMP\FFTW-3.3.2\FFTW-3.3-LIBS\LIBFFTWF-3.3\RELEASE\RDFT\SIMD\SSE2\HC2CFDFTV_16.OBJ
C:\TEMP\FFTW-3.3.2\FFTW-3.3-LIBS\LIBFFTWF-3.3\RELEASE\RDFT\SIMD\SSE2\HC2CFDFTV_2.OBJ
C:\TEMP\FFTW-3.3.2\FFTW-3.3-LIBS\LIBFFTWF-3.3\RELEASE\RDFT\SIMD\SSE2\HC2CFDFTV_20.OBJ
C:\TEMP\FFTW-3.3.2\FFTW-3.3-LIBS\LIBFFTWF-3.3\RELEASE\RDFT\SIMD\SSE2\HC2CFDFTV_32.OBJ
C:\TEMP\FFTW-3.3.2\FFTW-3.3-LIBS\LIBFFTWF-3.3\RELEASE\RDFT\SIMD\SSE2\HC2CFDFTV_4.OBJ
C:\TEMP\FFTW-3.3.2\FFTW-3.3-LIBS\LIBFFTWF-3.3\RELEASE\RDFT\SIMD\SSE2\HC2CFDFTV_6.OBJ
C:\TEMP\FFTW-3.3.2\FFTW-3.3-LIBS\LIBFFTWF-3.3\RELEASE\RDFT\SIMD\SSE2\HC2CFDFTV_8.OBJ
C:\TEMP\FFTW-3.3.2\FFTW-3.3-LIBS\LIBFFTWF-3.3\RELEASE\RDFT\SOLVE.OBJ
C:\TEMP\FFTW-3.3.2\FFTW-3.3-LIBS\LIBFFTWF-3.3\RELEASE\RDFT\SOLVE2.OBJ
C:\TEMP\FFTW-3.3.2\FFTW-3.3-LIBS\LIBFFTWF-3.3\RELEASE\RDFT\VRANK3-TRANSPOSE.OBJ
C:\TEMP\FFTW-3.3.2\FFTW-3.3-LIBS\LIBFFTWF-3.3\RELEASE\RDFT\VRANK-GEQ1.OBJ
C:\TEMP\FFTW-3.3.2\FFTW-3.3-LIBS\LIBFFTWF-3.3\RELEASE\RDFT\VRANK-GEQ1-RDFT2.OBJ
C:\TEMP\FFTW-3.3.2\FFTW-3.3-LIBS\LIBFFTWF-3.3\RELEASE\REODFT\CONF.OBJ
C:\TEMP\FFTW-3.3.2\FFTW-3.3-LIBS\LIBFFTWF-3.3\RELEASE\REODFT\REDFT00E-R2HC.OBJ
C:\TEMP\FFTW-3.3.2\FFTW-3.3-LIBS\LIBFFTWF-3.3\RELEASE\REODFT\REDFT00E-R2HC-PAD.OBJ
C:\TEMP\FFTW-3.3.2\FFTW-3.3-LIBS\LIBFFTWF-3.3\RELEASE\REODFT\REODFT00E-SPLITRADIX.OBJ
C:\TEMP\FFTW-3.3.2\FFTW-3.3-LIBS\LIBFFTWF-3.3\RELEASE\REODFT\REODFT010E-R2HC.OBJ
C:\TEMP\FFTW-3.3.2\FFTW-3.3-LIBS\LIBFFTWF-3.3\RELEASE\REODFT\REODFT11E-R2HC.OBJ
C:\TEMP\FFTW-3.3.2\FFTW-3.3-LIBS\LIBFFTWF-3.3\RELEASE\REODFT\REODFT11E-R2HC-ODD.OBJ
C:\TEMP\FFTW-3.3.2\FFTW-3.3-LIBS\LIBFFTWF-3.3\RELEASE\REODFT\REODFT11E-RADIX2.OBJ
C:\TEMP\FFTW-3.3.2\FFTW-3.3-LIBS\LIBFFTWF-3.3\RELEASE\REODFT\RODFT00E-R2HC.OBJ
C:\TEMP\FFTW-3.3.2\FFTW-3.3-LIBS\LIBFFTWF-3.3\RELEASE\REODFT\RODFT00E-R2HC-PAD.OBJ
C:\TEMP\FFTW-3.3.2\FFTW-3.3-LIBS\LIBFFTWF-3.3\RELEASE\SIMD-SUPPORT\SSE2.OBJ
C:\TEMP\FFTW-3.3.2\FFTW-3.3-LIBS\LIBFFTWF-3.3\RELEASE\SIMD-SUPPORT\SSE2-NONPORTABLE.OBJ
C:\TEMP\FFTW-3.3.2\FFTW-3.3-LIBS\LIBFFTWF-3.3\RELEASE\SIMD-SUPPORT\TAINT.OBJ
C:\TEMP\FFTW-3.3.2\FFTW-3.3-LIBS\LIBFFTWF-3.3\RELEASE\THREADS\API.OBJ
C:\TEMP\FFTW-3.3.2\FFTW-3.3-LIBS\LIBFFTWF-3.3\RELEASE\THREADS\CONF.OBJ
C:\TEMP\FFTW-3.3.2\FFTW-3.3-LIBS\LIBFFTWF-3.3\RELEASE\THREADS\CT.OBJ
C:\TEMP\FFTW-3.3.2\FFTW-3.3-LIBS\LIBFFTWF-3.3\RELEASE\THREADS\DFT-VRANK-GEQ1.OBJ
C:\TEMP\FFTW-3.3.2\FFTW-3.3-LIBS\LIBFFTWF-3.3\RELEASE\THREADS\F77API.OBJ
C:\TEMP\FFTW-3.3.2\FFTW-3.3-LIBS\LIBFFTWF-3.3\RELEASE\THREADS\HC2HC.OBJ
C:\TEMP\FFTW-3.3.2\FFTW-3.3-LIBS\LIBFFTWF-3.3\RELEASE\THREADS\OPENMP.OBJ
C:\TEMP\FFTW-3.3.2\FFTW-3.3-LIBS\LIBFFTWF-3.3\RELEASE\THREADS\RDFT-VRANK-GEQ1.OBJ
C:\TEMP\FFTW-3.3.2\FFTW-3.3-LIBS\LIBFFTWF-3.3\RELEASE\THREADS\VRANK-GEQ1-RDFT2.OBJ
C:\TEMP\FFTW-3.3.2\FFTW-3.3-LIBS\LIBFFTWF-3.3\RELEASE\VC100.PDB
C:\TEMP\FFTW-3.3.2\FFTW-3.3-LIBS\RELEASE\LIBFFTWF-3.3.DLL
C:\temp\fftw-3.3.2\fftw-3.3-libs\Release\libfftwf-3.3.exp
C:\temp\fftw-3.3.2\fftw-3.3-libs\Release\libfftwf-3.3.lib
C:\TEMP\FFTW-3.3.2\FFTW-3.3-LIBS\RELEASE\LIBFFTWF-3.3.PDB
